{INFO } [2014-03-28 18:52:44,777] <org.androidpn.server.xmpp.net.XmppIoHandler> : stanzahandler process the message
{DEBUG} [2014-03-28 18:52:44,778] <org.androidpn.server.xmpp.net.StanzaHandler> : iq...
{DEBUG} [2014-03-28 18:52:44,778] <org.androidpn.server.xmpp.net.StanzaHandler> : processIQ()...
{INFO } [2014-03-28 18:52:44,778] <org.androidpn.server.xmpp.handler.IQRosterHandler> : handleIQ
{INFO } [2014-03-28 18:52:44,778] <org.androidpn.server.xmpp.handler.IQRosterHandler> : getting roster
{ERROR} [2014-03-28 18:52:44,780] <org.androidpn.server.xmpp.handler.IQRosterHandler> : Internal server error
java.lang.NullPointerException: Subscription cannot be null
	at org.xmpp.packet.Roster.addItem(Roster.java:165)
	at org.xmpp.packet.Roster.addItem(Roster.java:115)
	at org.androidpn.server.xmpp.handler.IQRosterHandler.handleIQ(IQRosterHandler.java:90)
	at org.androidpn.server.xmpp.handler.IQHandler.process(IQHandler.java:55)
	at org.androidpn.server.xmpp.router.IQRouter.handle(IQRouter.java:127)
	at org.androidpn.server.xmpp.router.IQRouter.route(IQRouter.java:94)
	at org.androidpn.server.xmpp.router.PacketRouter.route(PacketRouter.java:70)
	at org.androidpn.server.xmpp.net.StanzaHandler.processIQ(StanzaHandler.java:260)
	at org.androidpn.server.xmpp.net.StanzaHandler.process(StanzaHandler.java:145)
	at org.androidpn.server.xmpp.net.XmppIoHandler.messageReceived(XmppIoHandler.java:155)
	at org.apache.mina.core.filterchain.DefaultIoFilterChain$TailFilter.messageReceived(DefaultIoFilterChain.java:713)
	at org.apache.mina.core.filterchain.DefaultIoFilterChain.callNextMessageReceived(DefaultIoFilterChain.java:434)
	at org.apache.mina.core.filterchain.DefaultIoFilterChain.access$1200(DefaultIoFilterChain.java:46)
	at org.apache.mina.core.filterchain.DefaultIoFilterChain$EntryImpl$1.messageReceived(DefaultIoFilterChain.java:793)
	at org.apache.mina.filter.codec.ProtocolCodecFilter$ProtocolDecoderOutputImpl.flush(ProtocolCodecFilter.java:375)
	at org.apache.mina.filter.codec.ProtocolCodecFilter.messageReceived(ProtocolCodecFilter.java:229)
	at org.apache.mina.core.filterchain.DefaultIoFilterChain.callNextMessageReceived(DefaultIoFilterChain.java:434)
	at org.apache.mina.core.filterchain.DefaultIoFilterChain.access$1200(DefaultIoFilterChain.java:46)
	at org.apache.mina.core.filterchain.DefaultIoFilterChain$EntryImpl$1.messageReceived(DefaultIoFilterChain.java:793)
	at org.apache.mina.core.filterchain.IoFilterEvent.fire(IoFilterEvent.java:71)
	at org.apache.mina.core.session.IoEvent.run(IoEvent.java:63)
	at org.apache.mina.filter.executor.OrderedThreadPoolExecutor$Worker.runTask(OrderedThreadPoolExecutor.java:780)
	at org.apache.mina.filter.executor.OrderedThreadPoolExecutor$Worker.runTasks(OrderedThreadPoolExecutor.java:772)
	at org.apache.mina.filter.executor.OrderedThreadPoolExecutor$Worker.run(OrderedThreadPoolExecutor.java:714)
	at java.lang.Thread.run(Thread.java:744)
{DEBUG} [2014-03-28 18:52:44,781] <org.androidpn.server.xmpp.net.Connection> : SENDING: <iq type="error" id="4KLQY-2" to="eeee@127.0.0.1/AndroidpnClient"><query xmlns="jabber:iq:roster"/><error code="500" type="wait"><internal-server-error xmlns="urn:ietf:params:xml:ns:xmpp-stanzas"/></error></iq>
{DEBUG} [2014-03-28 18:52:44,781] <org.apache.mina.core.filterchain.IoFilterEvent> : Event MESSAGE_RECEIVED has been fired for session 349
{DEBUG} [2014-03-28 18:52:44,781] <org.apache.mina.filter.executor.OrderedThreadPoolExecutor> : Adding event MESSAGE_SENT to session 349
Queue : [MESSAGE_SENT, ]

{DEBUG} [2014-03-28 18:52:44,781] <org.apache.mina.core.filterchain.IoFilterEvent> : Firing a MESSAGE_SENT event for session 349
{DEBUG} [2014-03-28 18:52:44,782] <org.androidpn.server.xmpp.net.XmppIoHandler> : xiaobingooooooooooooooooo messageSent()...
{DEBUG} [2014-03-28 18:52:44,782] <org.apache.mina.core.filterchain.IoFilterEvent> : Event MESSAGE_SENT has been fired for session 349
{DEBUG} [2014-03-28 18:52:44,783] <org.apache.mina.filter.executor.OrderedThreadPoolExecutor> : Adding event MESSAGE_RECEIVED to session 349
Queue : [MESSAGE_RECEIVED, ]

{DEBUG} [2014-03-28 18:52:44,783] <org.apache.mina.core.filterchain.IoFilterEvent> : Firing a MESSAGE_RECEIVED event for session 349
{DEBUG} [2014-03-28 18:52:44,783] <org.apache.mina.filter.codec.ProtocolCodecFilter> : Processing a MESSAGE_RECEIVED for session 349
{DEBUG} [2014-03-28 18:52:44,783] <org.androidpn.server.xmpp.net.XmppIoHandler> : messageReceived()...
{DEBUG} [2014-03-28 18:52:44,784] <org.androidpn.server.xmpp.net.XmppIoHandler> : RCVD: <presence id="4KLQY-3"></presence>
{INFO } [2014-03-28 18:52:44,784] <org.androidpn.server.xmpp.net.XmppIoHandler> : stanzahandler process the message
{DEBUG} [2014-03-28 18:52:44,784] <org.androidpn.server.xmpp.net.StanzaHandler> : presence...
{DEBUG} [2014-03-28 18:52:44,784] <org.androidpn.server.xmpp.net.StanzaHandler> : processPresence()...
{INFO } [2014-03-28 18:52:44,927] <org.androidpn.server.service.impl.NotificationServiceImpl> :  query notifications : size = 666
{DEBUG} [2014-03-28 18:52:44,928] <org.apache.mina.core.filterchain.IoFilterEvent> : Event MESSAGE_RECEIVED has been fired for session 349
{DEBUG} [2014-03-28 18:53:18,902] <org.apache.mina.filter.executor.OrderedThreadPoolExecutor> : Adding event MESSAGE_RECEIVED to session 349
Queue : [MESSAGE_RECEIVED, ]

{DEBUG} [2014-03-28 18:53:18,903] <org.apache.mina.core.filterchain.IoFilterEvent> : Firing a MESSAGE_RECEIVED event for session 349
{DEBUG} [2014-03-28 18:53:18,903] <org.apache.mina.filter.codec.ProtocolCodecFilter> : Processing a MESSAGE_RECEIVED for session 349
{DEBUG} [2014-03-28 18:53:18,904] <org.androidpn.server.xmpp.net.XmppIoHandler> : messageReceived()...
{DEBUG} [2014-03-28 18:53:18,904] <org.androidpn.server.xmpp.net.XmppIoHandler> : RCVD: <message id="4KLQY-4" to="eeee" type="chat"><body>gegg</body></message>
{INFO } [2014-03-28 18:53:18,905] <org.androidpn.server.xmpp.net.XmppIoHandler> : stanzahandler process the message
{DEBUG} [2014-03-28 18:53:18,905] <org.androidpn.server.xmpp.net.StanzaHandler> : message
{DEBUG} [2014-03-28 18:53:18,905] <org.androidpn.server.xmpp.net.StanzaHandler> : processMessage()...
{DEBUG} [2014-03-28 18:53:18,906] <org.androidpn.server.xmpp.net.StanzaHandler> : <message id="4KLQY-4" to="eeee" type="chat"><body>gegg</body></message>
{INFO } [2014-03-28 18:53:18,906] <org.androidpn.server.xmpp.router.MessageRouter> : route packet
{DEBUG} [2014-03-28 18:53:18,906] <org.androidpn.server.xmpp.router.MessageRouter> : session:authenticated
{INFO } [2014-03-28 18:53:18,906] <org.androidpn.server.xmpp.router.MessageRouter> : create a reply iq to4KLQY-4
{DEBUG} [2014-03-28 18:53:18,906] <org.androidpn.server.xmpp.net.Connection> : SENDING: <iq type="result" id="4KLQY-4"/>
{INFO } [2014-03-28 18:53:18,907] <org.androidpn.server.xmpp.router.MessageRouter> : sending message to the recver:eeee
{DEBUG} [2014-03-28 18:53:18,907] <org.apache.mina.filter.executor.OrderedThreadPoolExecutor> : Adding event MESSAGE_SENT to session 349
Queue : [MESSAGE_SENT, ]

{INFO } [2014-03-28 18:53:23,919] <org.androidpn.server.xmpp.router.MessageRouter> : org.androidpn.server.xmpp.session.ClientSession@144136f status: 2 address: eeee@127.0.0.1/AndroidpnClient id: b4df45a0 presence: 
<presence id="4KLQY-3" from="eeee@127.0.0.1/AndroidpnClient"/>:10.7.213.19710.7.213.197
{DEBUG} [2014-03-28 18:53:23,919] <org.androidpn.server.xmpp.net.Connection> : SENDING: <message id="4KLQY-4" to="eeee" type="chat" from="eeee@127.0.0.1/AndroidpnClient"><body>gegg</body></message>
{DEBUG} [2014-03-28 18:53:23,921] <org.apache.mina.core.filterchain.IoFilterEvent> : Event MESSAGE_RECEIVED has been fired for session 349
{DEBUG} [2014-03-28 18:53:23,921] <org.apache.mina.core.filterchain.IoFilterEvent> : Firing a MESSAGE_SENT event for session 349
{DEBUG} [2014-03-28 18:53:23,921] <org.androidpn.server.xmpp.net.XmppIoHandler> : xiaobingooooooooooooooooo messageSent()...
{DEBUG} [2014-03-28 18:53:23,921] <org.apache.mina.filter.executor.OrderedThreadPoolExecutor> : Adding event MESSAGE_SENT to session 349
Queue : [MESSAGE_SENT, ]

{DEBUG} [2014-03-28 18:53:23,921] <org.apache.mina.core.filterchain.IoFilterEvent> : Event MESSAGE_SENT has been fired for session 349
{DEBUG} [2014-03-28 18:53:23,921] <org.apache.mina.core.filterchain.IoFilterEvent> : Firing a MESSAGE_SENT event for session 349
{DEBUG} [2014-03-28 18:53:23,921] <org.androidpn.server.xmpp.net.XmppIoHandler> : xiaobingooooooooooooooooo messageSent()...
{DEBUG} [2014-03-28 18:53:23,921] <org.apache.mina.core.filterchain.IoFilterEvent> : Event MESSAGE_SENT has been fired for session 349
{DEBUG} [2014-03-28 18:53:29,909] <org.apache.mina.filter.executor.OrderedThreadPoolExecutor> : Adding event MESSAGE_RECEIVED to session 349
Queue : [MESSAGE_RECEIVED, ]

{DEBUG} [2014-03-28 18:53:29,909] <org.apache.mina.core.filterchain.IoFilterEvent> : Firing a MESSAGE_RECEIVED event for session 349
{DEBUG} [2014-03-28 18:53:29,909] <org.apache.mina.filter.codec.ProtocolCodecFilter> : Processing a MESSAGE_RECEIVED for session 349
{DEBUG} [2014-03-28 18:53:29,909] <org.androidpn.server.xmpp.net.XmppIoHandler> : messageReceived()...
{DEBUG} [2014-03-28 18:53:29,909] <org.androidpn.server.xmpp.net.XmppIoHandler> : RCVD: <message id="4KLQY-5" to="eeee" type="chat"><body>ggg</body></message>
{INFO } [2014-03-28 18:53:29,910] <org.androidpn.server.xmpp.net.XmppIoHandler> : stanzahandler process the message
{DEBUG} [2014-03-28 18:53:29,910] <org.androidpn.server.xmpp.net.StanzaHandler> : message
{DEBUG} [2014-03-28 18:53:29,910] <org.androidpn.server.xmpp.net.StanzaHandler> : processMessage()...
{DEBUG} [2014-03-28 18:53:29,910] <org.androidpn.server.xmpp.net.StanzaHandler> : <message id="4KLQY-5" to="eeee" type="chat"><body>ggg</body></message>
{INFO } [2014-03-28 18:53:29,910] <org.androidpn.server.xmpp.router.MessageRouter> : route packet
{DEBUG} [2014-03-28 18:53:29,910] <org.androidpn.server.xmpp.router.MessageRouter> : session:authenticated
{INFO } [2014-03-28 18:53:29,910] <org.androidpn.server.xmpp.router.MessageRouter> : create a reply iq to4KLQY-5
{DEBUG} [2014-03-28 18:53:29,910] <org.androidpn.server.xmpp.net.Connection> : SENDING: <iq type="result" id="4KLQY-5"/>
{INFO } [2014-03-28 18:53:29,911] <org.androidpn.server.xmpp.router.MessageRouter> : sending message to the recver:eeee
{INFO } [2014-03-28 18:53:29,911] <org.androidpn.server.xmpp.router.MessageRouter> : org.androidpn.server.xmpp.session.ClientSession@144136f status: 2 address: eeee@127.0.0.1/AndroidpnClient id: b4df45a0 presence: 
<presence id="4KLQY-3" from="eeee@127.0.0.1/AndroidpnClient"/>:10.7.213.19710.7.213.197
{DEBUG} [2014-03-28 18:53:29,911] <org.apache.mina.filter.executor.OrderedThreadPoolExecutor> : Adding event MESSAGE_SENT to session 349
Queue : [MESSAGE_SENT, ]

{DEBUG} [2014-03-28 18:53:29,911] <org.androidpn.server.xmpp.net.Connection> : SENDING: <message id="4KLQY-5" to="eeee" type="chat" from="eeee@127.0.0.1/AndroidpnClient"><body>ggg</body></message>
{DEBUG} [2014-03-28 18:53:29,911] <org.apache.mina.core.filterchain.IoFilterEvent> : Event MESSAGE_RECEIVED has been fired for session 349
{DEBUG} [2014-03-28 18:53:29,911] <org.apache.mina.filter.executor.OrderedThreadPoolExecutor> : Adding event MESSAGE_SENT to session 349
Queue : [MESSAGE_SENT, , MESSAGE_SENT, ]

{DEBUG} [2014-03-28 18:53:29,911] <org.apache.mina.core.filterchain.IoFilterEvent> : Firing a MESSAGE_SENT event for session 349
{DEBUG} [2014-03-28 18:53:29,911] <org.androidpn.server.xmpp.net.XmppIoHandler> : xiaobingooooooooooooooooo messageSent()...
{DEBUG} [2014-03-28 18:53:29,911] <org.apache.mina.core.filterchain.IoFilterEvent> : Event MESSAGE_SENT has been fired for session 349
{DEBUG} [2014-03-28 18:53:29,911] <org.apache.mina.core.filterchain.IoFilterEvent> : Firing a MESSAGE_SENT event for session 349
{DEBUG} [2014-03-28 18:53:29,911] <org.androidpn.server.xmpp.net.XmppIoHandler> : xiaobingooooooooooooooooo messageSent()...
{DEBUG} [2014-03-28 18:53:29,911] <org.apache.mina.core.filterchain.IoFilterEvent> : Event MESSAGE_SENT has been fired for session 349
{DEBUG} [2014-03-28 18:53:36,325] <org.apache.mina.filter.executor.OrderedThreadPoolExecutor> : Adding event MESSAGE_RECEIVED to session 349
Queue : [MESSAGE_RECEIVED, ]

{DEBUG} [2014-03-28 18:53:36,325] <org.apache.mina.core.filterchain.IoFilterEvent> : Firing a MESSAGE_RECEIVED event for session 349
{DEBUG} [2014-03-28 18:53:36,325] <org.apache.mina.filter.codec.ProtocolCodecFilter> : Processing a MESSAGE_RECEIVED for session 349
{DEBUG} [2014-03-28 18:53:36,325] <org.androidpn.server.xmpp.net.XmppIoHandler> : messageReceived()...
{DEBUG} [2014-03-28 18:53:36,325] <org.androidpn.server.xmpp.net.XmppIoHandler> : RCVD: <message id="4KLQY-6" to="eeee" type="chat"><body>ddd</body></message>
{INFO } [2014-03-28 18:53:36,325] <org.androidpn.server.xmpp.net.XmppIoHandler> : stanzahandler process the message
{DEBUG} [2014-03-28 18:53:36,326] <org.androidpn.server.xmpp.net.StanzaHandler> : message
{DEBUG} [2014-03-28 18:53:36,326] <org.androidpn.server.xmpp.net.StanzaHandler> : processMessage()...
{DEBUG} [2014-03-28 18:53:36,326] <org.androidpn.server.xmpp.net.StanzaHandler> : <message id="4KLQY-6" to="eeee" type="chat"><body>ddd</body></message>
{INFO } [2014-03-28 18:53:36,326] <org.androidpn.server.xmpp.router.MessageRouter> : route packet
{DEBUG} [2014-03-28 18:53:36,326] <org.androidpn.server.xmpp.router.MessageRouter> : session:authenticated
{INFO } [2014-03-28 18:53:36,326] <org.androidpn.server.xmpp.router.MessageRouter> : create a reply iq to4KLQY-6
{DEBUG} [2014-03-28 18:53:36,326] <org.androidpn.server.xmpp.net.Connection> : SENDING: <iq type="result" id="4KLQY-6"/>
{INFO } [2014-03-28 18:53:36,326] <org.androidpn.server.xmpp.router.MessageRouter> : sending message to the recver:eeee
{INFO } [2014-03-28 18:53:36,326] <org.androidpn.server.xmpp.router.MessageRouter> : org.androidpn.server.xmpp.session.ClientSession@144136f status: 2 address: eeee@127.0.0.1/AndroidpnClient id: b4df45a0 presence: 
<presence id="4KLQY-3" from="eeee@127.0.0.1/AndroidpnClient"/>:10.7.213.19710.7.213.197
{DEBUG} [2014-03-28 18:53:36,326] <org.androidpn.server.xmpp.net.Connection> : SENDING: <message id="4KLQY-6" to="eeee" type="chat" from="eeee@127.0.0.1/AndroidpnClient"><body>ddd</body></message>
{DEBUG} [2014-03-28 18:53:36,326] <org.apache.mina.filter.executor.OrderedThreadPoolExecutor> : Adding event MESSAGE_SENT to session 349
Queue : [MESSAGE_SENT, ]

{DEBUG} [2014-03-28 18:53:36,327] <org.apache.mina.core.filterchain.IoFilterEvent> : Event MESSAGE_RECEIVED has been fired for session 349
{DEBUG} [2014-03-28 18:53:36,327] <org.apache.mina.core.filterchain.IoFilterEvent> : Firing a MESSAGE_SENT event for session 349
{DEBUG} [2014-03-28 18:53:36,327] <org.apache.mina.filter.executor.OrderedThreadPoolExecutor> : Adding event MESSAGE_SENT to session 349
Queue : [MESSAGE_SENT, ]

{DEBUG} [2014-03-28 18:53:36,327] <org.androidpn.server.xmpp.net.XmppIoHandler> : xiaobingooooooooooooooooo messageSent()...
{DEBUG} [2014-03-28 18:53:36,327] <org.apache.mina.core.filterchain.IoFilterEvent> : Event MESSAGE_SENT has been fired for session 349
{DEBUG} [2014-03-28 18:53:36,327] <org.apache.mina.core.filterchain.IoFilterEvent> : Firing a MESSAGE_SENT event for session 349
{DEBUG} [2014-03-28 18:53:36,327] <org.androidpn.server.xmpp.net.XmppIoHandler> : xiaobingooooooooooooooooo messageSent()...
{DEBUG} [2014-03-28 18:53:36,327] <org.apache.mina.core.filterchain.IoFilterEvent> : Event MESSAGE_SENT has been fired for session 349
{DEBUG} [2014-03-28 18:54:29,803] <org.apache.mina.filter.executor.OrderedThreadPoolExecutor> : Adding event MESSAGE_RECEIVED to session 349
Queue : [MESSAGE_RECEIVED, ]

{DEBUG} [2014-03-28 18:54:29,804] <org.apache.mina.core.filterchain.IoFilterEvent> : Firing a MESSAGE_RECEIVED event for session 349
{DEBUG} [2014-03-28 18:54:29,804] <org.apache.mina.filter.codec.ProtocolCodecFilter> : Processing a MESSAGE_RECEIVED for session 349
{DEBUG} [2014-03-28 18:54:29,804] <org.apache.mina.core.filterchain.IoFilterEvent> : Event MESSAGE_RECEIVED has been fired for session 349
{DEBUG} [2014-03-28 18:54:59,849] <org.apache.mina.filter.executor.OrderedThreadPoolExecutor> : Adding event MESSAGE_RECEIVED to session 349
Queue : [MESSAGE_RECEIVED, ]

{DEBUG} [2014-03-28 18:54:59,849] <org.apache.mina.core.filterchain.IoFilterEvent> : Firing a MESSAGE_RECEIVED event for session 349
{DEBUG} [2014-03-28 18:54:59,850] <org.apache.mina.filter.codec.ProtocolCodecFilter> : Processing a MESSAGE_RECEIVED for session 349
{DEBUG} [2014-03-28 18:54:59,850] <org.apache.mina.core.filterchain.IoFilterEvent> : Event MESSAGE_RECEIVED has been fired for session 349
{DEBUG} [2014-03-28 18:55:29,881] <org.apache.mina.filter.executor.OrderedThreadPoolExecutor> : Adding event MESSAGE_RECEIVED to session 349
Queue : [MESSAGE_RECEIVED, ]

{DEBUG} [2014-03-28 18:55:29,881] <org.apache.mina.core.filterchain.IoFilterEvent> : Firing a MESSAGE_RECEIVED event for session 349
{DEBUG} [2014-03-28 18:55:29,882] <org.apache.mina.filter.codec.ProtocolCodecFilter> : Processing a MESSAGE_RECEIVED for session 349
{DEBUG} [2014-03-28 18:55:29,882] <org.apache.mina.core.filterchain.IoFilterEvent> : Event MESSAGE_RECEIVED has been fired for session 349
{DEBUG} [2014-03-28 18:55:59,883] <org.apache.mina.filter.executor.OrderedThreadPoolExecutor> : Adding event MESSAGE_RECEIVED to session 349
Queue : [MESSAGE_RECEIVED, ]

{DEBUG} [2014-03-28 18:55:59,884] <org.apache.mina.core.filterchain.IoFilterEvent> : Firing a MESSAGE_RECEIVED event for session 349
{DEBUG} [2014-03-28 18:55:59,884] <org.apache.mina.filter.codec.ProtocolCodecFilter> : Processing a MESSAGE_RECEIVED for session 349
{DEBUG} [2014-03-28 18:55:59,884] <org.apache.mina.core.filterchain.IoFilterEvent> : Event MESSAGE_RECEIVED has been fired for session 349
{DEBUG} [2014-03-28 18:56:29,884] <org.apache.mina.filter.executor.OrderedThreadPoolExecutor> : Adding event MESSAGE_RECEIVED to session 349
Queue : [MESSAGE_RECEIVED, ]

{DEBUG} [2014-03-28 18:56:29,884] <org.apache.mina.core.filterchain.IoFilterEvent> : Firing a MESSAGE_RECEIVED event for session 349
{DEBUG} [2014-03-28 18:56:29,884] <org.apache.mina.filter.codec.ProtocolCodecFilter> : Processing a MESSAGE_RECEIVED for session 349
{DEBUG} [2014-03-28 18:56:29,884] <org.apache.mina.core.filterchain.IoFilterEvent> : Event MESSAGE_RECEIVED has been fired for session 349
{DEBUG} [2014-03-28 18:56:35,585] <org.apache.mina.filter.executor.OrderedThreadPoolExecutor> : Adding event MESSAGE_RECEIVED to session 349
Queue : [MESSAGE_RECEIVED, ]

{DEBUG} [2014-03-28 18:56:35,585] <org.apache.mina.filter.executor.OrderedThreadPoolExecutor> : Adding event MESSAGE_RECEIVED to session 349
Queue : [MESSAGE_RECEIVED, , MESSAGE_RECEIVED, ]

{DEBUG} [2014-03-28 18:56:35,586] <org.apache.mina.core.filterchain.IoFilterEvent> : Firing a MESSAGE_RECEIVED event for session 349
{DEBUG} [2014-03-28 18:56:35,586] <org.apache.mina.filter.codec.ProtocolCodecFilter> : Processing a MESSAGE_RECEIVED for session 349
{DEBUG} [2014-03-28 18:56:35,586] <org.apache.mina.core.filterchain.IoFilterEvent> : Event MESSAGE_RECEIVED has been fired for session 349
{DEBUG} [2014-03-28 18:56:35,586] <org.apache.mina.core.filterchain.IoFilterEvent> : Firing a MESSAGE_RECEIVED event for session 349
{DEBUG} [2014-03-28 18:56:35,586] <org.apache.mina.filter.codec.ProtocolCodecFilter> : Processing a MESSAGE_RECEIVED for session 349
{DEBUG} [2014-03-28 18:56:35,586] <org.androidpn.server.xmpp.net.XmppIoHandler> : messageReceived()...
{DEBUG} [2014-03-28 18:56:35,586] <org.androidpn.server.xmpp.net.XmppIoHandler> : RCVD: <message id="4KLQY-7" to="eeee" type="chat"><body>hvdzghgswyjxs.gjmjgjm</body></message>
{INFO } [2014-03-28 18:56:35,586] <org.androidpn.server.xmpp.net.XmppIoHandler> : stanzahandler process the message
{DEBUG} [2014-03-28 18:56:35,586] <org.androidpn.server.xmpp.net.StanzaHandler> : message
{DEBUG} [2014-03-28 18:56:35,587] <org.androidpn.server.xmpp.net.StanzaHandler> : processMessage()...
{DEBUG} [2014-03-28 18:56:35,587] <org.androidpn.server.xmpp.net.StanzaHandler> : <message id="4KLQY-7" to="eeee" type="chat"><body>hvdzghgswyjxs.gjmjgjm</body></message>
{INFO } [2014-03-28 18:56:35,587] <org.androidpn.server.xmpp.router.MessageRouter> : route packet
{DEBUG} [2014-03-28 18:56:35,587] <org.androidpn.server.xmpp.router.MessageRouter> : session:authenticated
{INFO } [2014-03-28 18:56:35,587] <org.androidpn.server.xmpp.router.MessageRouter> : create a reply iq to4KLQY-7
{DEBUG} [2014-03-28 18:56:35,587] <org.androidpn.server.xmpp.net.Connection> : SENDING: <iq type="result" id="4KLQY-7"/>
{INFO } [2014-03-28 18:56:35,587] <org.androidpn.server.xmpp.router.MessageRouter> : sending message to the recver:eeee
{INFO } [2014-03-28 18:56:35,587] <org.androidpn.server.xmpp.router.MessageRouter> : org.androidpn.server.xmpp.session.ClientSession@144136f status: 2 address: eeee@127.0.0.1/AndroidpnClient id: b4df45a0 presence: 
<presence id="4KLQY-3" from="eeee@127.0.0.1/AndroidpnClient"/>:10.7.213.19710.7.213.197
{DEBUG} [2014-03-28 18:56:35,587] <org.apache.mina.filter.executor.OrderedThreadPoolExecutor> : Adding event MESSAGE_SENT to session 349
Queue : [MESSAGE_SENT, ]

{DEBUG} [2014-03-28 18:56:35,587] <org.androidpn.server.xmpp.net.Connection> : SENDING: <message id="4KLQY-7" to="eeee" type="chat" from="eeee@127.0.0.1/AndroidpnClient"><body>hvdzghgswyjxs.gjmjgjm</body></message>
{DEBUG} [2014-03-28 18:56:35,588] <org.apache.mina.core.filterchain.IoFilterEvent> : Event MESSAGE_RECEIVED has been fired for session 349
{DEBUG} [2014-03-28 18:56:35,588] <org.apache.mina.core.filterchain.IoFilterEvent> : Firing a MESSAGE_SENT event for session 349
{DEBUG} [2014-03-28 18:56:35,588] <org.apache.mina.filter.executor.OrderedThreadPoolExecutor> : Adding event MESSAGE_SENT to session 349
Queue : [MESSAGE_SENT, ]

{DEBUG} [2014-03-28 18:56:35,588] <org.androidpn.server.xmpp.net.XmppIoHandler> : xiaobingooooooooooooooooo messageSent()...
{DEBUG} [2014-03-28 18:56:35,588] <org.apache.mina.core.filterchain.IoFilterEvent> : Event MESSAGE_SENT has been fired for session 349
{DEBUG} [2014-03-28 18:56:35,588] <org.apache.mina.core.filterchain.IoFilterEvent> : Firing a MESSAGE_SENT event for session 349
{DEBUG} [2014-03-28 18:56:35,589] <org.androidpn.server.xmpp.net.XmppIoHandler> : xiaobingooooooooooooooooo messageSent()...
{DEBUG} [2014-03-28 18:56:35,589] <org.apache.mina.core.filterchain.IoFilterEvent> : Event MESSAGE_SENT has been fired for session 349
{DEBUG} [2014-03-28 18:56:49,596] <org.apache.mina.filter.executor.OrderedThreadPoolExecutor> : Adding event MESSAGE_RECEIVED to session 349
Queue : [MESSAGE_RECEIVED, ]

{DEBUG} [2014-03-28 18:56:49,596] <org.apache.mina.core.filterchain.IoFilterEvent> : Firing a MESSAGE_RECEIVED event for session 349
{DEBUG} [2014-03-28 18:56:49,596] <org.apache.mina.filter.codec.ProtocolCodecFilter> : Processing a MESSAGE_RECEIVED for session 349
{DEBUG} [2014-03-28 18:56:49,597] <org.androidpn.server.xmpp.net.XmppIoHandler> : messageReceived()...
{DEBUG} [2014-03-28 18:56:49,597] <org.androidpn.server.xmpp.net.XmppIoHandler> : RCVD: <message id="4KLQY-8" to="eeee" type="chat"><body>gwtamgj1tmgtgm</body></message>
{INFO } [2014-03-28 18:56:49,597] <org.androidpn.server.xmpp.net.XmppIoHandler> : stanzahandler process the message
{DEBUG} [2014-03-28 18:56:49,597] <org.androidpn.server.xmpp.net.StanzaHandler> : message
{DEBUG} [2014-03-28 18:56:49,597] <org.androidpn.server.xmpp.net.StanzaHandler> : processMessage()...
{DEBUG} [2014-03-28 18:56:49,597] <org.androidpn.server.xmpp.net.StanzaHandler> : <message id="4KLQY-8" to="eeee" type="chat"><body>gwtamgj1tmgtgm</body></message>
{INFO } [2014-03-28 18:56:49,597] <org.androidpn.server.xmpp.router.MessageRouter> : route packet
{DEBUG} [2014-03-28 18:56:49,597] <org.androidpn.server.xmpp.router.MessageRouter> : session:authenticated
{INFO } [2014-03-28 18:56:49,598] <org.androidpn.server.xmpp.router.MessageRouter> : create a reply iq to4KLQY-8
{DEBUG} [2014-03-28 18:56:49,598] <org.androidpn.server.xmpp.net.Connection> : SENDING: <iq type="result" id="4KLQY-8"/>
{INFO } [2014-03-28 18:56:49,598] <org.androidpn.server.xmpp.router.MessageRouter> : sending message to the recver:eeee
{INFO } [2014-03-28 18:56:49,598] <org.androidpn.server.xmpp.router.MessageRouter> : org.androidpn.server.xmpp.session.ClientSession@144136f status: 2 address: eeee@127.0.0.1/AndroidpnClient id: b4df45a0 presence: 
<presence id="4KLQY-3" from="eeee@127.0.0.1/AndroidpnClient"/>:10.7.213.19710.7.213.197
{DEBUG} [2014-03-28 18:56:49,598] <org.apache.mina.filter.executor.OrderedThreadPoolExecutor> : Adding event MESSAGE_SENT to session 349
Queue : [MESSAGE_SENT, ]

{DEBUG} [2014-03-28 18:56:49,598] <org.androidpn.server.xmpp.net.Connection> : SENDING: <message id="4KLQY-8" to="eeee" type="chat" from="eeee@127.0.0.1/AndroidpnClient"><body>gwtamgj1tmgtgm</body></message>
{DEBUG} [2014-03-28 18:56:49,598] <org.apache.mina.core.filterchain.IoFilterEvent> : Event MESSAGE_RECEIVED has been fired for session 349
{DEBUG} [2014-03-28 18:56:49,598] <org.apache.mina.filter.executor.OrderedThreadPoolExecutor> : Adding event MESSAGE_SENT to session 349
Queue : [MESSAGE_SENT, , MESSAGE_SENT, ]

{DEBUG} [2014-03-28 18:56:49,598] <org.apache.mina.core.filterchain.IoFilterEvent> : Firing a MESSAGE_SENT event for session 349
{DEBUG} [2014-03-28 18:56:49,599] <org.androidpn.server.xmpp.net.XmppIoHandler> : xiaobingooooooooooooooooo messageSent()...
{DEBUG} [2014-03-28 18:56:49,599] <org.apache.mina.core.filterchain.IoFilterEvent> : Event MESSAGE_SENT has been fired for session 349
{DEBUG} [2014-03-28 18:56:49,599] <org.apache.mina.core.filterchain.IoFilterEvent> : Firing a MESSAGE_SENT event for session 349
{DEBUG} [2014-03-28 18:56:49,599] <org.androidpn.server.xmpp.net.XmppIoHandler> : xiaobingooooooooooooooooo messageSent()...
{DEBUG} [2014-03-28 18:56:49,599] <org.apache.mina.core.filterchain.IoFilterEvent> : Event MESSAGE_SENT has been fired for session 349
{DEBUG} [2014-03-28 18:57:29,891] <org.apache.mina.filter.executor.OrderedThreadPoolExecutor> : Adding event MESSAGE_RECEIVED to session 349
Queue : [MESSAGE_RECEIVED, ]

{DEBUG} [2014-03-28 18:57:29,892] <org.apache.mina.core.filterchain.IoFilterEvent> : Firing a MESSAGE_RECEIVED event for session 349
{DEBUG} [2014-03-28 18:57:29,892] <org.apache.mina.filter.codec.ProtocolCodecFilter> : Processing a MESSAGE_RECEIVED for session 349
{DEBUG} [2014-03-28 18:57:29,892] <org.apache.mina.core.filterchain.IoFilterEvent> : Event MESSAGE_RECEIVED has been fired for session 349
{DEBUG} [2014-03-28 18:57:59,896] <org.apache.mina.filter.executor.OrderedThreadPoolExecutor> : Adding event MESSAGE_RECEIVED to session 349
Queue : [MESSAGE_RECEIVED, ]

{DEBUG} [2014-03-28 18:57:59,897] <org.apache.mina.core.filterchain.IoFilterEvent> : Firing a MESSAGE_RECEIVED event for session 349
{DEBUG} [2014-03-28 18:57:59,897] <org.apache.mina.filter.codec.ProtocolCodecFilter> : Processing a MESSAGE_RECEIVED for session 349
{DEBUG} [2014-03-28 18:57:59,898] <org.apache.mina.core.filterchain.IoFilterEvent> : Event MESSAGE_RECEIVED has been fired for session 349
{DEBUG} [2014-03-28 18:58:29,893] <org.apache.mina.filter.executor.OrderedThreadPoolExecutor> : Adding event MESSAGE_RECEIVED to session 349
Queue : [MESSAGE_RECEIVED, ]

{DEBUG} [2014-03-28 18:58:29,893] <org.apache.mina.core.filterchain.IoFilterEvent> : Firing a MESSAGE_RECEIVED event for session 349
{DEBUG} [2014-03-28 18:58:29,893] <org.apache.mina.filter.codec.ProtocolCodecFilter> : Processing a MESSAGE_RECEIVED for session 349
{DEBUG} [2014-03-28 18:58:29,893] <org.apache.mina.core.filterchain.IoFilterEvent> : Event MESSAGE_RECEIVED has been fired for session 349
{DEBUG} [2014-03-28 18:58:59,909] <org.apache.mina.filter.executor.OrderedThreadPoolExecutor> : Adding event MESSAGE_RECEIVED to session 349
Queue : [MESSAGE_RECEIVED, ]

{DEBUG} [2014-03-28 18:58:59,910] <org.apache.mina.core.filterchain.IoFilterEvent> : Firing a MESSAGE_RECEIVED event for session 349
{DEBUG} [2014-03-28 18:58:59,910] <org.apache.mina.filter.codec.ProtocolCodecFilter> : Processing a MESSAGE_RECEIVED for session 349
{DEBUG} [2014-03-28 18:58:59,910] <org.apache.mina.core.filterchain.IoFilterEvent> : Event MESSAGE_RECEIVED has been fired for session 349
{DEBUG} [2014-03-28 18:59:29,907] <org.apache.mina.filter.executor.OrderedThreadPoolExecutor> : Adding event MESSAGE_RECEIVED to session 349
Queue : [MESSAGE_RECEIVED, ]

{DEBUG} [2014-03-28 18:59:29,908] <org.apache.mina.core.filterchain.IoFilterEvent> : Firing a MESSAGE_RECEIVED event for session 349
{DEBUG} [2014-03-28 18:59:29,908] <org.apache.mina.filter.codec.ProtocolCodecFilter> : Processing a MESSAGE_RECEIVED for session 349
{DEBUG} [2014-03-28 18:59:29,908] <org.apache.mina.core.filterchain.IoFilterEvent> : Event MESSAGE_RECEIVED has been fired for session 349
{DEBUG} [2014-03-28 18:59:59,909] <org.apache.mina.filter.executor.OrderedThreadPoolExecutor> : Adding event MESSAGE_RECEIVED to session 349
Queue : [MESSAGE_RECEIVED, ]

{DEBUG} [2014-03-28 18:59:59,910] <org.apache.mina.core.filterchain.IoFilterEvent> : Firing a MESSAGE_RECEIVED event for session 349
{DEBUG} [2014-03-28 18:59:59,910] <org.apache.mina.filter.codec.ProtocolCodecFilter> : Processing a MESSAGE_RECEIVED for session 349
{DEBUG} [2014-03-28 18:59:59,910] <org.apache.mina.core.filterchain.IoFilterEvent> : Event MESSAGE_RECEIVED has been fired for session 349
{DEBUG} [2014-03-28 19:00:01,827] <org.androidpn.server.xmpp.net.Connection> : SENT: <stream:error><system-shutdown xmlns='urn:ietf:params:xml:ns:xmpp-streams'/></stream:error>
{DEBUG} [2014-03-28 19:00:01,827] <org.androidpn.server.xmpp.net.Connection> : SENT: <stream:error><system-shutdown xmlns='urn:ietf:params:xml:ns:xmpp-streams'/></stream:error>
{DEBUG} [2014-03-28 19:00:01,827] <org.androidpn.server.xmpp.net.Connection> : SENT: <stream:error><system-shutdown xmlns='urn:ietf:params:xml:ns:xmpp-streams'/></stream:error>
{DEBUG} [2014-03-28 19:00:01,827] <org.androidpn.server.xmpp.net.Connection> : SENT: <stream:error><system-shutdown xmlns='urn:ietf:params:xml:ns:xmpp-streams'/></stream:error>
{DEBUG} [2014-03-28 19:00:01,827] <org.androidpn.server.xmpp.net.Connection> : SENT: <stream:error><system-shutdown xmlns='urn:ietf:params:xml:ns:xmpp-streams'/></stream:error>
{DEBUG} [2014-03-28 19:00:01,829] <org.androidpn.server.xmpp.net.Connection> : SENT: <stream:error><system-shutdown xmlns='urn:ietf:params:xml:ns:xmpp-streams'/></stream:error>
{DEBUG} [2014-03-28 19:00:01,829] <org.androidpn.server.xmpp.net.Connection> : SENT: <stream:error><system-shutdown xmlns='urn:ietf:params:xml:ns:xmpp-streams'/></stream:error>
{DEBUG} [2014-03-28 19:00:01,829] <org.androidpn.server.xmpp.net.Connection> : SENT: <stream:error><system-shutdown xmlns='urn:ietf:params:xml:ns:xmpp-streams'/></stream:error>
{DEBUG} [2014-03-28 19:00:01,829] <org.androidpn.server.xmpp.net.Connection> : SENT: <stream:error><system-shutdown xmlns='urn:ietf:params:xml:ns:xmpp-streams'/></stream:error>
{DEBUG} [2014-03-28 19:00:01,830] <org.androidpn.server.xmpp.net.Connection> : SENT: <stream:error><system-shutdown xmlns='urn:ietf:params:xml:ns:xmpp-streams'/></stream:error>
{DEBUG} [2014-03-28 19:00:01,830] <org.androidpn.server.xmpp.net.Connection> : SENT: <stream:error><system-shutdown xmlns='urn:ietf:params:xml:ns:xmpp-streams'/></stream:error>
{DEBUG} [2014-03-28 19:00:01,830] <org.androidpn.server.xmpp.net.Connection> : SENT: <stream:error><system-shutdown xmlns='urn:ietf:params:xml:ns:xmpp-streams'/></stream:error>
{DEBUG} [2014-03-28 19:00:01,830] <org.androidpn.server.xmpp.net.Connection> : SENT: <stream:error><system-shutdown xmlns='urn:ietf:params:xml:ns:xmpp-streams'/></stream:error>
{DEBUG} [2014-03-28 19:00:01,830] <org.androidpn.server.xmpp.net.Connection> : SENT: <stream:error><system-shutdown xmlns='urn:ietf:params:xml:ns:xmpp-streams'/></stream:error>
{DEBUG} [2014-03-28 19:00:01,830] <org.androidpn.server.xmpp.net.Connection> : SENT: <stream:error><system-shutdown xmlns='urn:ietf:params:xml:ns:xmpp-streams'/></stream:error>
{DEBUG} [2014-03-28 19:00:01,830] <org.androidpn.server.xmpp.net.Connection> : SENT: <stream:error><system-shutdown xmlns='urn:ietf:params:xml:ns:xmpp-streams'/></stream:error>
{DEBUG} [2014-03-28 19:00:01,830] <org.androidpn.server.xmpp.net.Connection> : SENT: <stream:error><system-shutdown xmlns='urn:ietf:params:xml:ns:xmpp-streams'/></stream:error>
{DEBUG} [2014-03-28 19:00:01,830] <org.androidpn.server.xmpp.net.Connection> : SENT: <stream:error><system-shutdown xmlns='urn:ietf:params:xml:ns:xmpp-streams'/></stream:error>
{DEBUG} [2014-03-28 19:00:01,830] <org.androidpn.server.xmpp.net.Connection> : SENT: <stream:error><system-shutdown xmlns='urn:ietf:params:xml:ns:xmpp-streams'/></stream:error>
{DEBUG} [2014-03-28 19:00:01,830] <org.androidpn.server.xmpp.net.Connection> : SENT: <stream:error><system-shutdown xmlns='urn:ietf:params:xml:ns:xmpp-streams'/></stream:error>
{DEBUG} [2014-03-28 19:00:01,830] <org.androidpn.server.xmpp.net.Connection> : SENT: <stream:error><system-shutdown xmlns='urn:ietf:params:xml:ns:xmpp-streams'/></stream:error>
{DEBUG} [2014-03-28 19:00:01,830] <org.androidpn.server.xmpp.net.Connection> : SENT: <stream:error><system-shutdown xmlns='urn:ietf:params:xml:ns:xmpp-streams'/></stream:error>
{DEBUG} [2014-03-28 19:00:01,830] <org.androidpn.server.xmpp.net.Connection> : SENT: <stream:error><system-shutdown xmlns='urn:ietf:params:xml:ns:xmpp-streams'/></stream:error>
{DEBUG} [2014-03-28 19:00:01,830] <org.androidpn.server.xmpp.net.Connection> : SENT: <stream:error><system-shutdown xmlns='urn:ietf:params:xml:ns:xmpp-streams'/></stream:error>
{DEBUG} [2014-03-28 19:00:01,830] <org.androidpn.server.xmpp.net.Connection> : SENT: <stream:error><system-shutdown xmlns='urn:ietf:params:xml:ns:xmpp-streams'/></stream:error>
{DEBUG} [2014-03-28 19:00:01,830] <org.androidpn.server.xmpp.net.Connection> : SENT: <stream:error><system-shutdown xmlns='urn:ietf:params:xml:ns:xmpp-streams'/></stream:error>
{DEBUG} [2014-03-28 19:00:01,830] <org.androidpn.server.xmpp.net.Connection> : SENT: <stream:error><system-shutdown xmlns='urn:ietf:params:xml:ns:xmpp-streams'/></stream:error>
{DEBUG} [2014-03-28 19:00:01,830] <org.androidpn.server.xmpp.net.Connection> : SENT: <stream:error><system-shutdown xmlns='urn:ietf:params:xml:ns:xmpp-streams'/></stream:error>
{DEBUG} [2014-03-28 19:00:01,830] <org.androidpn.server.xmpp.net.Connection> : SENT: <stream:error><system-shutdown xmlns='urn:ietf:params:xml:ns:xmpp-streams'/></stream:error>
{DEBUG} [2014-03-28 19:00:01,830] <org.androidpn.server.xmpp.net.Connection> : SENT: <stream:error><system-shutdown xmlns='urn:ietf:params:xml:ns:xmpp-streams'/></stream:error>
{DEBUG} [2014-03-28 19:00:01,830] <org.androidpn.server.xmpp.net.Connection> : SENT: <stream:error><system-shutdown xmlns='urn:ietf:params:xml:ns:xmpp-streams'/></stream:error>
{DEBUG} [2014-03-28 19:00:01,830] <org.androidpn.server.xmpp.net.Connection> : SENT: <stream:error><system-shutdown xmlns='urn:ietf:params:xml:ns:xmpp-streams'/></stream:error>
{DEBUG} [2014-03-28 19:00:01,830] <org.androidpn.server.xmpp.net.Connection> : SENT: <stream:error><system-shutdown xmlns='urn:ietf:params:xml:ns:xmpp-streams'/></stream:error>
{DEBUG} [2014-03-28 19:00:01,831] <org.androidpn.server.xmpp.net.Connection> : SENT: <stream:error><system-shutdown xmlns='urn:ietf:params:xml:ns:xmpp-streams'/></stream:error>
{DEBUG} [2014-03-28 19:00:01,831] <org.apache.mina.filter.executor.OrderedThreadPoolExecutor> : Adding event MESSAGE_SENT to session 349
Queue : [MESSAGE_SENT, ]

{DEBUG} [2014-03-28 19:00:01,831] <org.apache.mina.core.filterchain.IoFilterEvent> : Firing a MESSAGE_SENT event for session 349
{DEBUG} [2014-03-28 19:00:01,831] <org.androidpn.server.xmpp.net.XmppIoHandler> : xiaobingooooooooooooooooo messageSent()...
{DEBUG} [2014-03-28 19:00:01,831] <org.apache.mina.core.filterchain.IoFilterEvent> : Event MESSAGE_SENT has been fired for session 349
{DEBUG} [2014-03-28 19:00:01,831] <org.androidpn.server.xmpp.net.Connection> : SENT: </stream:stream>
{DEBUG} [2014-03-28 19:00:01,831] <org.apache.mina.filter.executor.OrderedThreadPoolExecutor> : Adding event MESSAGE_SENT to session 349
Queue : [MESSAGE_SENT, ]

{DEBUG} [2014-03-28 19:00:01,831] <org.apache.mina.core.filterchain.IoFilterEvent> : Firing a MESSAGE_SENT event for session 349
{DEBUG} [2014-03-28 19:00:01,831] <org.androidpn.server.xmpp.net.XmppIoHandler> : xiaobingooooooooooooooooo messageSent()...
{DEBUG} [2014-03-28 19:00:01,831] <org.apache.mina.core.filterchain.IoFilterEvent> : Event MESSAGE_SENT has been fired for session 349
{DEBUG} [2014-03-28 19:00:01,832] <org.apache.mina.filter.executor.OrderedThreadPoolExecutor> : Adding event SESSION_CLOSED to session 349
Queue : [SESSION_CLOSED, ]

{DEBUG} [2014-03-28 19:00:01,832] <org.apache.mina.core.filterchain.IoFilterEvent> : Firing a SESSION_CLOSED event for session 349
{DEBUG} [2014-03-28 19:00:01,832] <org.androidpn.server.xmpp.net.XmppIoHandler> : sessionClosed()...
{DEBUG} [2014-03-28 19:00:01,835] <org.androidpn.server.xmpp.net.Connection> : SENT: <stream:error><system-shutdown xmlns='urn:ietf:params:xml:ns:xmpp-streams'/></stream:error>
{DEBUG} [2014-03-28 19:00:01,835] <org.apache.mina.core.filterchain.IoFilterEvent> : Event SESSION_CLOSED has been fired for session 349
{DEBUG} [2014-03-28 19:00:01,835] <org.androidpn.server.xmpp.net.Connection> : SENT: <stream:error><system-shutdown xmlns='urn:ietf:params:xml:ns:xmpp-streams'/></stream:error>
{DEBUG} [2014-03-28 19:00:01,835] <org.androidpn.server.xmpp.net.Connection> : SENT: <stream:error><system-shutdown xmlns='urn:ietf:params:xml:ns:xmpp-streams'/></stream:error>
{DEBUG} [2014-03-28 19:00:01,835] <org.androidpn.server.xmpp.net.Connection> : SENT: <stream:error><system-shutdown xmlns='urn:ietf:params:xml:ns:xmpp-streams'/></stream:error>
{DEBUG} [2014-03-28 19:00:01,835] <org.androidpn.server.xmpp.net.Connection> : SENT: <stream:error><system-shutdown xmlns='urn:ietf:params:xml:ns:xmpp-streams'/></stream:error>
{DEBUG} [2014-03-28 19:00:01,835] <org.androidpn.server.xmpp.net.Connection> : SENT: <stream:error><system-shutdown xmlns='urn:ietf:params:xml:ns:xmpp-streams'/></stream:error>
{DEBUG} [2014-03-28 19:00:01,835] <org.androidpn.server.xmpp.net.Connection> : SENT: <stream:error><system-shutdown xmlns='urn:ietf:params:xml:ns:xmpp-streams'/></stream:error>
{DEBUG} [2014-03-28 19:00:01,835] <org.androidpn.server.xmpp.net.Connection> : SENT: <stream:error><system-shutdown xmlns='urn:ietf:params:xml:ns:xmpp-streams'/></stream:error>
{DEBUG} [2014-03-28 19:00:01,835] <org.androidpn.server.xmpp.net.Connection> : SENT: <stream:error><system-shutdown xmlns='urn:ietf:params:xml:ns:xmpp-streams'/></stream:error>
{DEBUG} [2014-03-28 19:00:01,835] <org.androidpn.server.xmpp.net.Connection> : SENT: <stream:error><system-shutdown xmlns='urn:ietf:params:xml:ns:xmpp-streams'/></stream:error>
{DEBUG} [2014-03-28 19:00:01,835] <org.androidpn.server.xmpp.net.Connection> : SENT: <stream:error><system-shutdown xmlns='urn:ietf:params:xml:ns:xmpp-streams'/></stream:error>
{DEBUG} [2014-03-28 19:00:01,835] <org.androidpn.server.xmpp.net.Connection> : SENT: <stream:error><system-shutdown xmlns='urn:ietf:params:xml:ns:xmpp-streams'/></stream:error>
{DEBUG} [2014-03-28 19:00:01,836] <org.androidpn.server.xmpp.net.Connection> : SENT: <stream:error><system-shutdown xmlns='urn:ietf:params:xml:ns:xmpp-streams'/></stream:error>
{DEBUG} [2014-03-28 19:00:01,836] <org.androidpn.server.xmpp.net.Connection> : SENT: <stream:error><system-shutdown xmlns='urn:ietf:params:xml:ns:xmpp-streams'/></stream:error>
{DEBUG} [2014-03-28 19:00:01,836] <org.androidpn.server.xmpp.net.Connection> : SENT: <stream:error><system-shutdown xmlns='urn:ietf:params:xml:ns:xmpp-streams'/></stream:error>
{DEBUG} [2014-03-28 19:00:01,836] <org.androidpn.server.xmpp.net.Connection> : SENT: <stream:error><system-shutdown xmlns='urn:ietf:params:xml:ns:xmpp-streams'/></stream:error>
{DEBUG} [2014-03-28 19:00:01,836] <org.androidpn.server.xmpp.net.Connection> : SENT: <stream:error><system-shutdown xmlns='urn:ietf:params:xml:ns:xmpp-streams'/></stream:error>
{DEBUG} [2014-03-28 19:00:01,836] <org.androidpn.server.xmpp.net.Connection> : SENT: <stream:error><system-shutdown xmlns='urn:ietf:params:xml:ns:xmpp-streams'/></stream:error>
{DEBUG} [2014-03-28 19:00:01,836] <org.androidpn.server.xmpp.net.Connection> : SENT: <stream:error><system-shutdown xmlns='urn:ietf:params:xml:ns:xmpp-streams'/></stream:error>
{DEBUG} [2014-03-28 19:00:01,836] <org.androidpn.server.xmpp.net.Connection> : SENT: <stream:error><system-shutdown xmlns='urn:ietf:params:xml:ns:xmpp-streams'/></stream:error>
{DEBUG} [2014-03-28 19:00:01,836] <org.androidpn.server.xmpp.net.Connection> : SENT: <stream:error><system-shutdown xmlns='urn:ietf:params:xml:ns:xmpp-streams'/></stream:error>
{DEBUG} [2014-03-28 19:00:01,836] <org.androidpn.server.xmpp.net.Connection> : SENT: <stream:error><system-shutdown xmlns='urn:ietf:params:xml:ns:xmpp-streams'/></stream:error>
{DEBUG} [2014-03-28 19:00:01,836] <org.androidpn.server.xmpp.net.Connection> : SENT: <stream:error><system-shutdown xmlns='urn:ietf:params:xml:ns:xmpp-streams'/></stream:error>
{DEBUG} [2014-03-28 19:00:01,836] <org.androidpn.server.xmpp.net.Connection> : SENT: <stream:error><system-shutdown xmlns='urn:ietf:params:xml:ns:xmpp-streams'/></stream:error>
{DEBUG} [2014-03-28 19:00:01,836] <org.androidpn.server.xmpp.net.Connection> : SENT: <stream:error><system-shutdown xmlns='urn:ietf:params:xml:ns:xmpp-streams'/></stream:error>
{DEBUG} [2014-03-28 19:00:01,836] <org.androidpn.server.xmpp.net.Connection> : SENT: <stream:error><system-shutdown xmlns='urn:ietf:params:xml:ns:xmpp-streams'/></stream:error>
{INFO } [2014-03-28 19:00:01,836] <org.androidpn.server.xmpp.XmppServer> : XmppServer stopped
{INFO } [2014-03-28 19:00:01,837] <org.androidpn.server.xmpp.XmppServer> : Server halted
{DEBUG} [2014-03-28 19:00:03,251] <org.androidpn.server.xmpp.net.XmppIoHandler> : sessionCreated()...
{DEBUG} [2014-03-28 19:00:03,253] <org.apache.mina.filter.executor.OrderedThreadPoolExecutor> : Adding event SESSION_OPENED to session 350
Queue : [SESSION_OPENED, ]

{DEBUG} [2014-03-28 19:00:03,254] <org.apache.mina.core.filterchain.IoFilterEvent> : Firing a SESSION_OPENED event for session 350
{DEBUG} [2014-03-28 19:00:03,254] <org.androidpn.server.xmpp.net.XmppIoHandler> : sessionOpened()...
{DEBUG} [2014-03-28 19:00:03,254] <org.androidpn.server.xmpp.net.XmppIoHandler> : remoteAddress=/10.7.213.197:45005
{DEBUG} [2014-03-28 19:00:03,254] <org.apache.mina.core.filterchain.IoFilterEvent> : Event SESSION_OPENED has been fired for session 350
{DEBUG} [2014-03-28 19:00:03,331] <org.apache.mina.filter.executor.OrderedThreadPoolExecutor> : Adding event MESSAGE_RECEIVED to session 350
Queue : [MESSAGE_RECEIVED, ]

{DEBUG} [2014-03-28 19:00:03,332] <org.apache.mina.core.filterchain.IoFilterEvent> : Firing a MESSAGE_RECEIVED event for session 350
{DEBUG} [2014-03-28 19:00:03,332] <org.apache.mina.filter.codec.ProtocolCodecFilter> : Processing a MESSAGE_RECEIVED for session 350
{DEBUG} [2014-03-28 19:00:03,332] <org.androidpn.server.xmpp.net.XmppIoHandler> : messageReceived()...
{DEBUG} [2014-03-28 19:00:03,332] <org.androidpn.server.xmpp.net.XmppIoHandler> : RCVD: <stream:stream to="219.223.194.207" xmlns="jabber:client" xmlns:stream="http://etherx.jabber.org/streams" version="1.0">
{INFO } [2014-03-28 19:00:03,332] <org.androidpn.server.xmpp.net.XmppIoHandler> : stanzahandler process the message
{DEBUG} [2014-03-28 19:00:03,332] <org.androidpn.server.xmpp.session.ClientSession> : createSession()...
{DEBUG} [2014-03-28 19:00:03,332] <org.androidpn.server.xmpp.session.SessionManager> : ClientSession created.
{DEBUG} [2014-03-28 19:00:03,332] <org.androidpn.server.xmpp.net.Connection> : SENT: <?xml version='1.0' encoding='UTF-8'?><stream:stream xmlns:stream="http://etherx.jabber.org/streams" xmlns="jabber:client" from="127.0.0.1" id="f356590" xml:lang="en" version="1.0">
{DEBUG} [2014-03-28 19:00:03,333] <org.androidpn.server.xmpp.net.Connection> : SENT: <stream:features><starttls xmlns="urn:ietf:params:xml:ns:xmpp-tls"></starttls><auth xmlns="http://jabber.org/features/iq-auth"/><register xmlns="http://jabber.org/features/iq-register"/></stream:features>
{DEBUG} [2014-03-28 19:00:03,333] <org.apache.mina.filter.executor.OrderedThreadPoolExecutor> : Adding event MESSAGE_SENT to session 350
Queue : [MESSAGE_SENT, ]

{DEBUG} [2014-03-28 19:00:03,333] <org.apache.mina.core.filterchain.IoFilterEvent> : Event MESSAGE_RECEIVED has been fired for session 350
{DEBUG} [2014-03-28 19:00:03,333] <org.apache.mina.core.filterchain.IoFilterEvent> : Firing a MESSAGE_SENT event for session 350
{DEBUG} [2014-03-28 19:00:03,333] <org.androidpn.server.xmpp.net.XmppIoHandler> : xiaobingooooooooooooooooo messageSent()...
{DEBUG} [2014-03-28 19:00:03,333] <org.apache.mina.core.filterchain.IoFilterEvent> : Event MESSAGE_SENT has been fired for session 350
{DEBUG} [2014-03-28 19:00:03,334] <org.apache.mina.filter.executor.OrderedThreadPoolExecutor> : Adding event MESSAGE_SENT to session 350
Queue : [MESSAGE_SENT, ]

{DEBUG} [2014-03-28 19:00:03,334] <org.apache.mina.core.filterchain.IoFilterEvent> : Firing a MESSAGE_SENT event for session 350
{DEBUG} [2014-03-28 19:00:03,334] <org.androidpn.server.xmpp.net.XmppIoHandler> : xiaobingooooooooooooooooo messageSent()...
{DEBUG} [2014-03-28 19:00:03,334] <org.apache.mina.core.filterchain.IoFilterEvent> : Event MESSAGE_SENT has been fired for session 350
{DEBUG} [2014-03-28 19:00:03,340] <org.apache.mina.filter.executor.OrderedThreadPoolExecutor> : Adding event MESSAGE_RECEIVED to session 350
Queue : [MESSAGE_RECEIVED, ]

{DEBUG} [2014-03-28 19:00:03,341] <org.apache.mina.core.filterchain.IoFilterEvent> : Firing a MESSAGE_RECEIVED event for session 350
{DEBUG} [2014-03-28 19:00:03,341] <org.apache.mina.filter.codec.ProtocolCodecFilter> : Processing a MESSAGE_RECEIVED for session 350
{DEBUG} [2014-03-28 19:00:03,341] <org.androidpn.server.xmpp.net.XmppIoHandler> : messageReceived()...
{DEBUG} [2014-03-28 19:00:03,341] <org.androidpn.server.xmpp.net.XmppIoHandler> : RCVD: <starttls xmlns="urn:ietf:params:xml:ns:xmpp-tls"/>
{INFO } [2014-03-28 19:00:03,341] <org.androidpn.server.xmpp.net.XmppIoHandler> : stanzahandler process the message
{DEBUG} [2014-03-28 19:00:03,341] <org.androidpn.server.xmpp.net.Connection> : startTLS()...
{DEBUG} [2014-03-28 19:00:03,342] <org.apache.mina.filter.executor.OrderedThreadPoolExecutor> : Adding event EXCEPTION_CAUGHT to session 350
Queue : [EXCEPTION_CAUGHT, ]

{DEBUG} [2014-03-28 19:00:03,342] <org.apache.mina.core.filterchain.IoFilterEvent> : Event MESSAGE_RECEIVED has been fired for session 350
{DEBUG} [2014-03-28 19:00:03,342] <org.apache.mina.core.filterchain.IoFilterEvent> : Firing a EXCEPTION_CAUGHT event for session 350
{DEBUG} [2014-03-28 19:00:03,342] <org.androidpn.server.xmpp.net.XmppIoHandler> : exceptionCaught()...
{ERROR} [2014-03-28 19:00:03,342] <org.androidpn.server.xmpp.net.XmppIoHandler> : java.lang.NoClassDefFoundError: Could not initialize class org.androidpn.server.xmpp.ssl.SSLConfig
{DEBUG} [2014-03-28 19:00:03,342] <org.apache.mina.core.filterchain.IoFilterEvent> : Event EXCEPTION_CAUGHT has been fired for session 350
{INFO } [2014-03-28 19:00:03,739] <org.springframework.web.context.support.XmlWebApplicationContext> : Closing org.springframework.web.context.support.XmlWebApplicationContext@133d8b: display name [WebApplicationContext for namespace 'dispatcher-servlet']; startup date [Tue Mar 25 16:35:37 CST 2014]; root of context hierarchy
{INFO } [2014-03-28 19:00:03,740] <org.springframework.beans.factory.support.DefaultListableBeanFactory> : Destroying singletons in org.springframework.beans.factory.support.DefaultListableBeanFactory@978954: defining beans [urlMapping,filenameController,userController,sessionController,replyController,uploadController,notificationController,pushstaticsController,subscriptionsController,adminLoginController,viewResolver,paramResolver,messageSource]; root of factory hierarchy

