#
# A fatal error has been detected by the Java Runtime Environment:
#
#  Internal Error (javaClasses.cpp:136), pid=1849, tid=3059309376
#  fatal error: Invalid layout of preloaded class
#
# JRE version:  (7.0_51) (build )
# Java VM: OpenJDK Server VM (24.45-b08 mixed mode linux-x86 )
# Failed to write core dump. Core dumps have been disabled. To enable core dumping, try "ulimit -c unlimited" before starting Java again
#
# If you would like to submit a bug report, please include
# instructions on how to reproduce the bug and visit:
#   http://icedtea.classpath.org/bugzilla
#

---------------  T H R E A D  ---------------

Current thread (0xb6407800):  JavaThread "Unknown thread" [_thread_in_vm, id=1855, stack(0xb6545000,0xb6596000)]

Stack: [0xb6545000,0xb6596000]
[error occurred during error reporting (printing stack bounds), id 0xb]


[error occurred during error reporting (printing native stack), id 0xb]


---------------  P R O C E S S  ---------------

Java Threads: ( => current thread )

Other Threads:

=>0xb6407800 (exited) JavaThread "Unknown thread" [_thread_in_vm, id=1855, stack(0xb6545000,0xb6596000)]

VM state:not at safepoint (not fully initialized)

VM Mutex/Monitor currently owned by a thread: None

GC Heap History (0 events):
No events

Deoptimization events (0 events):
No events

Internal exceptions (0 events):
No events

Events (10 events):
Event: 0.008 loading class 0x690a3670 done
Event: 0.008 loading class 0x690a3100 done
Event: 0.008 loading class 0x690a30e0
Event: 0.009 loading class 0x690aa370
Event: 0.009 loading class 0x690aa370 done
Event: 0.009 loading class 0x690aa3a0
Event: 0.009 loading class 0x690aa3a0 done
Event: 0.009 loading class 0x690aa3d0
Event: 0.009 loading class 0x690aa3d0 done
Event: 0.009 loading class 0x690a30e0 done


Dynamic libraries:
08048000-08049000 r-xp 00000000 07:00 427160     /usr/lib/jvm/java-7-openjdk-i386/jre/bin/java
08049000-0804a000 r--p 00000000 07:00 427160     /usr/lib/jvm/java-7-openjdk-i386/jre/bin/java
0804a000-0804b000 rw-p 00001000 07:00 427160     /usr/lib/jvm/java-7-openjdk-i386/jre/bin/java
09ca5000-09cc6000 rw-p 00000000 00:00 0          [heap]
68fdd000-690a3000 r--s 0116f000 08:07 120538     /host/ubuntu/android-sdk-linux/platforms/android-17/android.jar
690a3000-6b900000 rw-p 00000000 00:00 0 
6b900000-6b921000 rw-p 00000000 00:00 0 
6b921000-6ba00000 ---p 00000000 00:00 0 
6ba7f000-6ba80000 ---p 00000000 00:00 0 
6ba80000-6bb00000 rw-p 00000000 00:00 0          [stack:1857]
6bb00000-6bb21000 rw-p 00000000 00:00 0 
6bb21000-6bc00000 ---p 00000000 00:00 0 
6bc50000-6bc74000 rw-p 00000000 00:00 0 
6bc74000-6bc75000 ---p 00000000 00:00 0 
6bc75000-6bcfd000 rw-p 00000000 00:00 0          [stack:1856]
6bcfd000-6bd35000 rw-p 00000000 00:00 0 
6bd35000-6bd4a000 rw-p 00000000 00:00 0 
6bd4a000-6be86000 rw-p 00000000 00:00 0 
6be86000-6be8e000 rw-p 00000000 00:00 0 
6be8e000-6bec6000 rw-p 00000000 00:00 0 
6bec6000-6bedb000 rw-p 00000000 00:00 0 
6bedb000-6c016000 rw-p 00000000 00:00 0 
6c016000-6c022000 rw-p 00000000 00:00 0 
6c022000-6c0bf000 rw-p 00000000 00:00 0 
6c0bf000-6d0c0000 rw-p 00000000 00:00 0 
6d0c0000-740c0000 rw-p 00000000 00:00 0 
740c0000-76ac0000 rw-p 00000000 00:00 0 
76ac0000-9e200000 rw-p 00000000 00:00 0 
9e200000-9f700000 rw-p 00000000 00:00 0 
9f700000-b32c0000 rw-p 00000000 00:00 0 
b32df000-b3303000 rw-p 00000000 00:00 0 
b3303000-b33ba000 rw-p 00000000 00:00 0 
b33ba000-b35fa000 rwxp 00000000 00:00 0 
b35fa000-b63ba000 rw-p 00000000 00:00 0 
b63ba000-b63d0000 r-xp 00000000 07:00 1700749    /lib/i386-linux-gnu/libnsl-2.15.so
b63d0000-b63d1000 r--p 00015000 07:00 1700749    /lib/i386-linux-gnu/libnsl-2.15.so
b63d1000-b63d2000 rw-p 00016000 07:00 1700749    /lib/i386-linux-gnu/libnsl-2.15.so
b63d2000-b63d4000 rw-p 00000000 00:00 0 
b63d4000-b63db000 r-xp 00000000 07:00 1710315    /lib/i386-linux-gnu/libnss_compat-2.15.so
b63db000-b63dc000 r--p 00006000 07:00 1710315    /lib/i386-linux-gnu/libnss_compat-2.15.so
b63dc000-b63dd000 rw-p 00007000 07:00 1710315    /lib/i386-linux-gnu/libnss_compat-2.15.so
b63ee000-b63f6000 r-xp 00000000 07:00 399808     /usr/lib/jvm/java-7-openjdk-i386/jre/lib/i386/libzip.so
b63f6000-b63f7000 r--p 00007000 07:00 399808     /usr/lib/jvm/java-7-openjdk-i386/jre/lib/i386/libzip.so
b63f7000-b63f8000 rw-p 00008000 07:00 399808     /usr/lib/jvm/java-7-openjdk-i386/jre/lib/i386/libzip.so
b63f8000-b6400000 rw-s 00000000 07:00 1319394    /tmp/hsperfdata_x/1849
b6400000-b6454000 rw-p 00000000 00:00 0 
b6454000-b6500000 ---p 00000000 00:00 0 
b6506000-b6511000 r-xp 00000000 07:00 1710316    /lib/i386-linux-gnu/libnss_files-2.15.so
b6511000-b6512000 r--p 0000a000 07:00 1710316    /lib/i386-linux-gnu/libnss_files-2.15.so
b6512000-b6513000 rw-p 0000b000 07:00 1710316    /lib/i386-linux-gnu/libnss_files-2.15.so
b6513000-b653a000 r-xp 00000000 07:00 399807     /usr/lib/jvm/java-7-openjdk-i386/jre/lib/i386/libjava.so
b653a000-b653b000 r--p 00026000 07:00 399807     /usr/lib/jvm/java-7-openjdk-i386/jre/lib/i386/libjava.so
b653b000-b653c000 rw-p 00027000 07:00 399807     /usr/lib/jvm/java-7-openjdk-i386/jre/lib/i386/libjava.so
b653c000-b6543000 r-xp 00000000 07:00 1700787    /lib/i386-linux-gnu/librt-2.15.so
b6543000-b6544000 r--p 00006000 07:00 1700787    /lib/i386-linux-gnu/librt-2.15.so
b6544000-b6545000 rw-p 00007000 07:00 1700787    /lib/i386-linux-gnu/librt-2.15.so
b6545000-b6548000 ---p 00000000 00:00 0 
b6548000-b6596000 rw-p 00000000 00:00 0          [stack:1855]
b6596000-b65b2000 r-xp 00000000 07:00 1701014    /lib/i386-linux-gnu/libgcc_s.so.1
b65b2000-b65b3000 r--p 0001b000 07:00 1701014    /lib/i386-linux-gnu/libgcc_s.so.1
b65b3000-b65b4000 rw-p 0001c000 07:00 1701014    /lib/i386-linux-gnu/libgcc_s.so.1
b65b4000-b65de000 r-xp 00000000 07:00 1712258    /lib/i386-linux-gnu/libm-2.15.so
b65de000-b65df000 r--p 00029000 07:00 1712258    /lib/i386-linux-gnu/libm-2.15.so
b65df000-b65e0000 rw-p 0002a000 07:00 1712258    /lib/i386-linux-gnu/libm-2.15.so
b65e0000-b66bc000 r-xp 00000000 07:00 525381     /usr/lib/i386-linux-gnu/libstdc++.so.6.0.17
b66bc000-b66bd000 ---p 000dc000 07:00 525381     /usr/lib/i386-linux-gnu/libstdc++.so.6.0.17
b66bd000-b66c1000 r--p 000dc000 07:00 525381     /usr/lib/i386-linux-gnu/libstdc++.so.6.0.17
b66c1000-b66c2000 rw-p 000e0000 07:00 525381     /usr/lib/i386-linux-gnu/libstdc++.so.6.0.17
b66c2000-b66c9000 rw-p 00000000 00:00 0 
b66c9000-b706c000 r-xp 00000000 07:00 399860     /usr/lib/jvm/java-7-openjdk-i386/jre/lib/i386/server/libjvm.so
b706c000-b706d000 ---p 009a3000 07:00 399860     /usr/lib/jvm/java-7-openjdk-i386/jre/lib/i386/server/libjvm.so
b706d000-b70c2000 r--p 009a3000 07:00 399860     /usr/lib/jvm/java-7-openjdk-i386/jre/lib/i386/server/libjvm.so
b70c2000-b70d6000 rw-p 009f8000 07:00 399860     /usr/lib/jvm/java-7-openjdk-i386/jre/lib/i386/server/libjvm.so
b70d6000-b74f4000 rw-p 00000000 00:00 0 
b74f4000-b750b000 r-xp 00000000 07:00 1700864    /lib/i386-linux-gnu/libz.so.1.2.7
b750b000-b750c000 r--p 00016000 07:00 1700864    /lib/i386-linux-gnu/libz.so.1.2.7
b750c000-b750d000 rw-p 00017000 07:00 1700864    /lib/i386-linux-gnu/libz.so.1.2.7
b750d000-b7524000 r-xp 00000000 07:00 1710308    /lib/i386-linux-gnu/libpthread-2.15.so
b7524000-b7525000 r--p 00016000 07:00 1710308    /lib/i386-linux-gnu/libpthread-2.15.so
b7525000-b7526000 rw-p 00017000 07:00 1710308    /lib/i386-linux-gnu/libpthread-2.15.so
b7526000-b7528000 rw-p 00000000 00:00 0 
b7528000-b752b000 r-xp 00000000 07:00 1710306    /lib/i386-linux-gnu/libdl-2.15.so
b752b000-b752c000 r--p 00002000 07:00 1710306    /lib/i386-linux-gnu/libdl-2.15.so
b752c000-b752d000 rw-p 00003000 07:00 1710306    /lib/i386-linux-gnu/libdl-2.15.so
b752d000-b76d1000 r-xp 00000000 07:00 1700751    /lib/i386-linux-gnu/libc-2.15.so
b76d1000-b76d2000 ---p 001a4000 07:00 1700751    /lib/i386-linux-gnu/libc-2.15.so
b76d2000-b76d4000 r--p 001a4000 07:00 1700751    /lib/i386-linux-gnu/libc-2.15.so
b76d4000-b76d5000 rw-p 001a6000 07:00 1700751    /lib/i386-linux-gnu/libc-2.15.so
b76d5000-b76d8000 rw-p 00000000 00:00 0 
b76dd000-b76e7000 r-xp 00000000 07:00 1700757    /lib/i386-linux-gnu/libnss_nis-2.15.so
b76e7000-b76e8000 r--p 00009000 07:00 1700757    /lib/i386-linux-gnu/libnss_nis-2.15.so
b76e8000-b76e9000 rw-p 0000a000 07:00 1700757    /lib/i386-linux-gnu/libnss_nis-2.15.so
b76e9000-b76ea000 rw-p 00000000 00:00 0 
b76ea000-b76eb000 r--p 00000000 00:00 0 
b76eb000-b76f8000 r-xp 00000000 07:00 399887     /usr/lib/jvm/java-7-openjdk-i386/jre/lib/i386/libverify.so
b76f8000-b76f9000 ---p 0000d000 07:00 399887     /usr/lib/jvm/java-7-openjdk-i386/jre/lib/i386/libverify.so
b76f9000-b76fa000 r--p 0000d000 07:00 399887     /usr/lib/jvm/java-7-openjdk-i386/jre/lib/i386/libverify.so
b76fa000-b76fb000 rw-p 0000e000 07:00 399887     /usr/lib/jvm/java-7-openjdk-i386/jre/lib/i386/libverify.so
b76fb000-b7708000 r-xp 00000000 07:00 399907     /usr/lib/jvm/java-7-openjdk-i386/jre/lib/i386/jli/libjli.so
b7708000-b7709000 r--p 0000c000 07:00 399907     /usr/lib/jvm/java-7-openjdk-i386/jre/lib/i386/jli/libjli.so
b7709000-b770a000 rw-p 0000d000 07:00 399907     /usr/lib/jvm/java-7-openjdk-i386/jre/lib/i386/jli/libjli.so
b770a000-b770d000 rw-p 00000000 00:00 0 
b770d000-b770e000 r-xp 00000000 00:00 0          [vdso]
b770e000-b772e000 r-xp 00000000 07:00 1710317    /lib/i386-linux-gnu/ld-2.15.so
b772e000-b772f000 r--p 0001f000 07:00 1710317    /lib/i386-linux-gnu/ld-2.15.so
b772f000-b7730000 rw-p 00020000 07:00 1710317    /lib/i386-linux-gnu/ld-2.15.so
bff5d000-bff7e000 rw-p 00000000 00:00 0          [stack]

VM Arguments:
jvm_args: -Dfile.encoding=gbk -Xbootclasspath:/host/ubuntu/android-sdk-linux/platforms/android-17/android.jar 
java_command: test
Launcher Type: SUN_STANDARD

Environment Variables:
PATH=/home/administrator/.CodeSourcery/Sourcery_CodeBench_Lite_for_Xilinx_GNU_Linux/bin:/usr/lib/lightdm/lightdm:/usr/local/sbin:/usr/local/bin:/usr/sbin:/usr/bin:/sbin:/bin:/usr/games:/usr/local/games
LD_LIBRARY_PATH=/usr/lib/jvm/java-7-openjdk-i386/jre/lib/i386/server:/usr/lib/jvm/java-7-openjdk-i386/jre/lib/i386:/usr/lib/jvm/java-7-openjdk-i386/jre/../lib/i386:/usr/lib/jvm/java-7-openjdk-i386/jre/lib/i386/client:/usr/lib/jvm/java-7-openjdk-i386/jre/lib/i386:
SHELL=/bin/bash
DISPLAY=:0.0

Signal Handlers:
SIGSEGV: [libjvm.so+0x7e43a0], sa_mask[0]=0x7ffbfeff, sa_flags=0x10000004
SIGBUS: [libjvm.so+0x7e43a0], sa_mask[0]=0x7ffbfeff, sa_flags=0x10000004
SIGFPE: [libjvm.so+0x661c50], sa_mask[0]=0x7ffbfeff, sa_flags=0x10000004
SIGPIPE: [libjvm.so+0x661c50], sa_mask[0]=0x7ffbfeff, sa_flags=0x10000004
SIGXFSZ: [libjvm.so+0x661c50], sa_mask[0]=0x7ffbfeff, sa_flags=0x10000004
SIGILL: [libjvm.so+0x661c50], sa_mask[0]=0x7ffbfeff, sa_flags=0x10000004
SIGUSR1: SIG_DFL, sa_mask[0]=0x00000000, sa_flags=0x00000000
SIGUSR2: [libjvm.so+0x661d90], sa_mask[0]=0x00000004, sa_flags=0x10000004
SIGHUP: SIG_DFL, sa_mask[0]=0x00000000, sa_flags=0x00000000
SIGINT: SIG_DFL, sa_mask[0]=0x00000000, sa_flags=0x00000000
SIGTERM: SIG_DFL, sa_mask[0]=0x00000000, sa_flags=0x00000000
SIGQUIT: SIG_DFL, sa_mask[0]=0x00000000, sa_flags=0x00000000


---------------  S Y S T E M  ---------------

OS:Ubuntu 12.10 (quantal)
uname:Linux 3.5.0-48-generic #72-Ubuntu SMP Mon Mar 10 23:20:26 UTC 2014 i686
libc:glibc 2.15 NPTL 2.15 
rlimit: STACK 8192k, CORE 0k, NPROC 32109, NOFILE 4096, AS infinity
load average:1.71 1.43 1.31

/proc/meminfo:
MemTotal:        4131380 kB
MemFree:          204816 kB
Buffers:          624708 kB
Cached:           820468 kB
SwapCached:         6064 kB
Active:          2552364 kB
Inactive:        1200572 kB
Active(anon):    1854860 kB
Inactive(anon):   494468 kB
Active(file):     697504 kB
Inactive(file):   706104 kB
Unevictable:       34024 kB
Mlocked:           31412 kB
HighTotal:       3280584 kB
HighFree:          96388 kB
LowTotal:         850796 kB
LowFree:          108428 kB
SwapTotal:        261116 kB
SwapFree:         159088 kB
Dirty:               328 kB
Writeback:             0 kB
AnonPages:       2336708 kB
Mapped:           164208 kB
Shmem:             32948 kB
Slab:              60672 kB
SReclaimable:      38964 kB
SUnreclaim:        21708 kB
KernelStack:        4624 kB
PageTables:        17392 kB
NFS_Unstable:          0 kB
Bounce:                0 kB
WritebackTmp:          0 kB
CommitLimit:     2326804 kB
Committed_AS:    6392032 kB
VmallocTotal:     122880 kB
VmallocUsed:       47580 kB
VmallocChunk:      48628 kB
HardwareCorrupted:     0 kB
AnonHugePages:         0 kB
HugePages_Total:       0
HugePages_Free:        0
HugePages_Rsvd:        0
HugePages_Surp:        0
Hugepagesize:       2048 kB
DirectMap4k:      706552 kB
DirectMap2M:      206848 kB


CPU:total 2 (2 cores per cpu, 1 threads per core) family 6 model 23 stepping 10, cmov, cx8, fxsr, mmx, sse, sse2, sse3, ssse3, tsc

/proc/cpuinfo:
processor	: 0
vendor_id	: GenuineIntel
cpu family	: 6
model		: 23
model name	: Pentium(R) Dual-Core  CPU      E5300  @ 2.60GHz
stepping	: 10
microcode	: 0xa07
cpu MHz		: 2603.000
cache size	: 2048 KB
physical id	: 0
siblings	: 2
core id		: 0
cpu cores	: 2
apicid		: 0
initial apicid	: 0
fdiv_bug	: no
hlt_bug		: no
f00f_bug	: no
coma_bug	: no
fpu		: yes
fpu_exception	: yes
cpuid level	: 13
wp		: yes
flags		: fpu vme de pse tsc msr pae mce cx8 apic sep mtrr pge mca cmov pat pse36 clflush dts acpi mmx fxsr sse sse2 ss ht tm pbe nx lm constant_tsc arch_perfmon pebs bts aperfmperf pni dtes64 monitor ds_cpl vmx est tm2 ssse3 cx16 xtpr pdcm xsave lahf_lm dtherm tpr_shadow vnmi flexpriority
bogomips	: 5208.97
clflush size	: 64
cache_alignment	: 64
address sizes	: 36 bits physical, 48 bits virtual
power management:

processor	: 1
vendor_id	: GenuineIntel
cpu family	: 6
model		: 23
model name	: Pentium(R) Dual-Core  CPU      E5300  @ 2.60GHz
stepping	: 10
microcode	: 0xa07
cpu MHz		: 2603.000
cache size	: 2048 KB
physical id	: 0
siblings	: 2
core id		: 1
cpu cores	: 2
apicid		: 1
initial apicid	: 1
fdiv_bug	: no
hlt_bug		: no
f00f_bug	: no
coma_bug	: no
fpu		: yes
fpu_exception	: yes
cpuid level	: 13
wp		: yes
flags		: fpu vme de pse tsc msr pae mce cx8 apic sep mtrr pge mca cmov pat pse36 clflush dts acpi mmx fxsr sse sse2 ss ht tm pbe nx lm constant_tsc arch_perfmon pebs bts aperfmperf pni dtes64 monitor ds_cpl vmx est tm2 ssse3 cx16 xtpr pdcm xsave lahf_lm dtherm tpr_shadow vnmi flexpriority
bogomips	: 5208.97
clflush size	: 64
cache_alignment	: 64
address sizes	: 36 bits physical, 48 bits virtual
power management:



Memory: 4k page, physical 4131380k(204816k free), swap 261116k(159088k free)

vm_info: OpenJDK Server VM (24.45-b08) for linux-x86 JRE (1.7.0_51-b00), built on Jan 16 2014 18:39:38 by "buildd" with gcc 4.7.2

time: Sat Mar 15 22:58:47 2014
elapsed time: 0 seconds

