#
# A fatal error has been detected by the Java Runtime Environment:
#
#  Internal Error (javaClasses.cpp:136), pid=1132, tid=3059202880
#  fatal error: Invalid layout of preloaded class
#
# JRE version:  (7.0_51) (build )
# Java VM: OpenJDK Server VM (24.45-b08 mixed mode linux-x86 )
# Failed to write core dump. Core dumps have been disabled. To enable core dumping, try "ulimit -c unlimited" before starting Java again
#
# If you would like to submit a bug report, please include
# instructions on how to reproduce the bug and visit:
#   http://icedtea.classpath.org/bugzilla
#

---------------  T H R E A D  ---------------

Current thread (0xb6407800):  JavaThread "Unknown thread" [_thread_in_vm, id=1137, stack(0xb652b000,0xb657c000)]

Stack: [0xb652b000,0xb657c000]
[error occurred during error reporting (printing stack bounds), id 0xb]


[error occurred during error reporting (printing native stack), id 0xb]


---------------  P R O C E S S  ---------------

Java Threads: ( => current thread )

Other Threads:

=>0xb6407800 (exited) JavaThread "Unknown thread" [_thread_in_vm, id=1137, stack(0xb652b000,0xb657c000)]

VM state:not at safepoint (not fully initialized)

VM Mutex/Monitor currently owned by a thread: None

GC Heap History (0 events):
No events

Deoptimization events (0 events):
No events

Internal exceptions (0 events):
No events

Events (10 events):
Event: 0.089 loading class 0x690a3670 done
Event: 0.090 loading class 0x690a3100 done
Event: 0.090 loading class 0x690a30e0
Event: 0.090 loading class 0x690aa370
Event: 0.090 loading class 0x690aa370 done
Event: 0.090 loading class 0x690aa3a0
Event: 0.090 loading class 0x690aa3a0 done
Event: 0.090 loading class 0x690aa3d0
Event: 0.090 loading class 0x690aa3d0 done
Event: 0.090 loading class 0x690a30e0 done


Dynamic libraries:
08048000-08049000 r-xp 00000000 07:00 427160     /usr/lib/jvm/java-7-openjdk-i386/jre/bin/java
08049000-0804a000 r--p 00000000 07:00 427160     /usr/lib/jvm/java-7-openjdk-i386/jre/bin/java
0804a000-0804b000 rw-p 00001000 07:00 427160     /usr/lib/jvm/java-7-openjdk-i386/jre/bin/java
081f7000-08218000 rw-p 00000000 00:00 0          [heap]
68fdd000-690a3000 r--s 0116f000 08:07 120538     /host/ubuntu/android-sdk-linux/platforms/android-17/android.jar
690a3000-6b900000 rw-p 00000000 00:00 0 
6b900000-6b921000 rw-p 00000000 00:00 0 
6b921000-6ba00000 ---p 00000000 00:00 0 
6ba7f000-6ba80000 ---p 00000000 00:00 0 
6ba80000-6bb00000 rw-p 00000000 00:00 0          [stack:1139]
6bb00000-6bb21000 rw-p 00000000 00:00 0 
6bb21000-6bc00000 ---p 00000000 00:00 0 
6bc50000-6bc74000 rw-p 00000000 00:00 0 
6bc74000-6bc75000 ---p 00000000 00:00 0 
6bc75000-6bcfd000 rw-p 00000000 00:00 0          [stack:1138]
6bcfd000-6bd35000 rw-p 00000000 00:00 0 
6bd35000-6bd4a000 rw-p 00000000 00:00 0 
6bd4a000-6be86000 rw-p 00000000 00:00 0 
6be86000-6be8e000 rw-p 00000000 00:00 0 
6be8e000-6bec6000 rw-p 00000000 00:00 0 
6bec6000-6bedb000 rw-p 00000000 00:00 0 
6bedb000-6c016000 rw-p 00000000 00:00 0 
6c016000-6c022000 rw-p 00000000 00:00 0 
6c022000-6c0bf000 rw-p 00000000 00:00 0 
6c0bf000-6d0c0000 rw-p 00000000 00:00 0 
6d0c0000-740c0000 rw-p 00000000 00:00 0 
740c0000-76ac0000 rw-p 00000000 00:00 0 
76ac0000-9e200000 rw-p 00000000 00:00 0 
9e200000-9f700000 rw-p 00000000 00:00 0 
9f700000-b32c0000 rw-p 00000000 00:00 0 
b32c0000-b32e4000 rw-p 00000000 00:00 0 
b32e4000-b339b000 rw-p 00000000 00:00 0 
b339b000-b35db000 rwxp 00000000 00:00 0 
b35db000-b639b000 rw-p 00000000 00:00 0 
b639b000-b63a6000 r-xp 00000000 07:00 1710316    /lib/i386-linux-gnu/libnss_files-2.15.so
b63a6000-b63a7000 r--p 0000a000 07:00 1710316    /lib/i386-linux-gnu/libnss_files-2.15.so
b63a7000-b63a8000 rw-p 0000b000 07:00 1710316    /lib/i386-linux-gnu/libnss_files-2.15.so
b63a8000-b63b2000 r-xp 00000000 07:00 1700757    /lib/i386-linux-gnu/libnss_nis-2.15.so
b63b2000-b63b3000 r--p 00009000 07:00 1700757    /lib/i386-linux-gnu/libnss_nis-2.15.so
b63b3000-b63b4000 rw-p 0000a000 07:00 1700757    /lib/i386-linux-gnu/libnss_nis-2.15.so
b63cd000-b63d5000 r-xp 00000000 07:00 399808     /usr/lib/jvm/java-7-openjdk-i386/jre/lib/i386/libzip.so
b63d5000-b63d6000 r--p 00007000 07:00 399808     /usr/lib/jvm/java-7-openjdk-i386/jre/lib/i386/libzip.so
b63d6000-b63d7000 rw-p 00008000 07:00 399808     /usr/lib/jvm/java-7-openjdk-i386/jre/lib/i386/libzip.so
b63d7000-b63fe000 r-xp 00000000 07:00 399807     /usr/lib/jvm/java-7-openjdk-i386/jre/lib/i386/libjava.so
b63fe000-b63ff000 r--p 00026000 07:00 399807     /usr/lib/jvm/java-7-openjdk-i386/jre/lib/i386/libjava.so
b63ff000-b6400000 rw-p 00027000 07:00 399807     /usr/lib/jvm/java-7-openjdk-i386/jre/lib/i386/libjava.so
b6400000-b6454000 rw-p 00000000 00:00 0 
b6454000-b6500000 ---p 00000000 00:00 0 
b6508000-b651e000 r-xp 00000000 07:00 1700749    /lib/i386-linux-gnu/libnsl-2.15.so
b651e000-b651f000 r--p 00015000 07:00 1700749    /lib/i386-linux-gnu/libnsl-2.15.so
b651f000-b6520000 rw-p 00016000 07:00 1700749    /lib/i386-linux-gnu/libnsl-2.15.so
b6520000-b6522000 rw-p 00000000 00:00 0 
b6522000-b6529000 r-xp 00000000 07:00 1700787    /lib/i386-linux-gnu/librt-2.15.so
b6529000-b652a000 r--p 00006000 07:00 1700787    /lib/i386-linux-gnu/librt-2.15.so
b652a000-b652b000 rw-p 00007000 07:00 1700787    /lib/i386-linux-gnu/librt-2.15.so
b652b000-b652e000 ---p 00000000 00:00 0 
b652e000-b657c000 rw-p 00000000 00:00 0          [stack:1137]
b657c000-b6598000 r-xp 00000000 07:00 1701014    /lib/i386-linux-gnu/libgcc_s.so.1
b6598000-b6599000 r--p 0001b000 07:00 1701014    /lib/i386-linux-gnu/libgcc_s.so.1
b6599000-b659a000 rw-p 0001c000 07:00 1701014    /lib/i386-linux-gnu/libgcc_s.so.1
b659a000-b65c4000 r-xp 00000000 07:00 1712258    /lib/i386-linux-gnu/libm-2.15.so
b65c4000-b65c5000 r--p 00029000 07:00 1712258    /lib/i386-linux-gnu/libm-2.15.so
b65c5000-b65c6000 rw-p 0002a000 07:00 1712258    /lib/i386-linux-gnu/libm-2.15.so
b65c6000-b66a2000 r-xp 00000000 07:00 525381     /usr/lib/i386-linux-gnu/libstdc++.so.6.0.17
b66a2000-b66a3000 ---p 000dc000 07:00 525381     /usr/lib/i386-linux-gnu/libstdc++.so.6.0.17
b66a3000-b66a7000 r--p 000dc000 07:00 525381     /usr/lib/i386-linux-gnu/libstdc++.so.6.0.17
b66a7000-b66a8000 rw-p 000e0000 07:00 525381     /usr/lib/i386-linux-gnu/libstdc++.so.6.0.17
b66a8000-b66af000 rw-p 00000000 00:00 0 
b66af000-b7052000 r-xp 00000000 07:00 399860     /usr/lib/jvm/java-7-openjdk-i386/jre/lib/i386/server/libjvm.so
b7052000-b7053000 ---p 009a3000 07:00 399860     /usr/lib/jvm/java-7-openjdk-i386/jre/lib/i386/server/libjvm.so
b7053000-b70a8000 r--p 009a3000 07:00 399860     /usr/lib/jvm/java-7-openjdk-i386/jre/lib/i386/server/libjvm.so
b70a8000-b70bc000 rw-p 009f8000 07:00 399860     /usr/lib/jvm/java-7-openjdk-i386/jre/lib/i386/server/libjvm.so
b70bc000-b74da000 rw-p 00000000 00:00 0 
b74da000-b74f1000 r-xp 00000000 07:00 1700864    /lib/i386-linux-gnu/libz.so.1.2.7
b74f1000-b74f2000 r--p 00016000 07:00 1700864    /lib/i386-linux-gnu/libz.so.1.2.7
b74f2000-b74f3000 rw-p 00017000 07:00 1700864    /lib/i386-linux-gnu/libz.so.1.2.7
b74f3000-b750a000 r-xp 00000000 07:00 1710308    /lib/i386-linux-gnu/libpthread-2.15.so
b750a000-b750b000 r--p 00016000 07:00 1710308    /lib/i386-linux-gnu/libpthread-2.15.so
b750b000-b750c000 rw-p 00017000 07:00 1710308    /lib/i386-linux-gnu/libpthread-2.15.so
b750c000-b750e000 rw-p 00000000 00:00 0 
b750e000-b7511000 r-xp 00000000 07:00 1710306    /lib/i386-linux-gnu/libdl-2.15.so
b7511000-b7512000 r--p 00002000 07:00 1710306    /lib/i386-linux-gnu/libdl-2.15.so
b7512000-b7513000 rw-p 00003000 07:00 1710306    /lib/i386-linux-gnu/libdl-2.15.so
b7513000-b76b7000 r-xp 00000000 07:00 1700751    /lib/i386-linux-gnu/libc-2.15.so
b76b7000-b76b8000 ---p 001a4000 07:00 1700751    /lib/i386-linux-gnu/libc-2.15.so
b76b8000-b76ba000 r--p 001a4000 07:00 1700751    /lib/i386-linux-gnu/libc-2.15.so
b76ba000-b76bb000 rw-p 001a6000 07:00 1700751    /lib/i386-linux-gnu/libc-2.15.so
b76bb000-b76be000 rw-p 00000000 00:00 0 
b76be000-b76c6000 rw-s 00000000 07:00 1319394    /tmp/hsperfdata_x/1132
b76c6000-b76cd000 r-xp 00000000 07:00 1710315    /lib/i386-linux-gnu/libnss_compat-2.15.so
b76cd000-b76ce000 r--p 00006000 07:00 1710315    /lib/i386-linux-gnu/libnss_compat-2.15.so
b76ce000-b76cf000 rw-p 00007000 07:00 1710315    /lib/i386-linux-gnu/libnss_compat-2.15.so
b76cf000-b76d0000 rw-p 00000000 00:00 0 
b76d0000-b76d1000 r--p 00000000 00:00 0 
b76d1000-b76de000 r-xp 00000000 07:00 399887     /usr/lib/jvm/java-7-openjdk-i386/jre/lib/i386/libverify.so
b76de000-b76df000 ---p 0000d000 07:00 399887     /usr/lib/jvm/java-7-openjdk-i386/jre/lib/i386/libverify.so
b76df000-b76e0000 r--p 0000d000 07:00 399887     /usr/lib/jvm/java-7-openjdk-i386/jre/lib/i386/libverify.so
b76e0000-b76e1000 rw-p 0000e000 07:00 399887     /usr/lib/jvm/java-7-openjdk-i386/jre/lib/i386/libverify.so
b76e1000-b76ee000 r-xp 00000000 07:00 399907     /usr/lib/jvm/java-7-openjdk-i386/jre/lib/i386/jli/libjli.so
b76ee000-b76ef000 r--p 0000c000 07:00 399907     /usr/lib/jvm/java-7-openjdk-i386/jre/lib/i386/jli/libjli.so
b76ef000-b76f0000 rw-p 0000d000 07:00 399907     /usr/lib/jvm/java-7-openjdk-i386/jre/lib/i386/jli/libjli.so
b76f0000-b76f3000 rw-p 00000000 00:00 0 
b76f3000-b76f4000 r-xp 00000000 00:00 0          [vdso]
b76f4000-b7714000 r-xp 00000000 07:00 1710317    /lib/i386-linux-gnu/ld-2.15.so
b7714000-b7715000 r--p 0001f000 07:00 1710317    /lib/i386-linux-gnu/ld-2.15.so
b7715000-b7716000 rw-p 00020000 07:00 1710317    /lib/i386-linux-gnu/ld-2.15.so
bfa3c000-bfa5d000 rw-p 00000000 00:00 0          [stack]

VM Arguments:
jvm_args: -Dfile.encoding=gbk -Xbootclasspath:/host/ubuntu/android-sdk-linux/platforms/android-17/android.jar 
java_command: test
Launcher Type: SUN_STANDARD

Environment Variables:
PATH=/home/administrator/.CodeSourcery/Sourcery_CodeBench_Lite_for_Xilinx_GNU_Linux/bin:/usr/lib/lightdm/lightdm:/usr/local/sbin:/usr/local/bin:/usr/sbin:/usr/bin:/sbin:/bin:/usr/games:/usr/local/games
LD_LIBRARY_PATH=/usr/lib/jvm/java-7-openjdk-i386/jre/lib/i386/server:/usr/lib/jvm/java-7-openjdk-i386/jre/lib/i386:/usr/lib/jvm/java-7-openjdk-i386/jre/../lib/i386:/usr/lib/jvm/java-7-openjdk-i386/jre/lib/i386/client:/usr/lib/jvm/java-7-openjdk-i386/jre/lib/i386:
SHELL=/bin/bash
DISPLAY=:0.0

Signal Handlers:
SIGSEGV: [libjvm.so+0x7e43a0], sa_mask[0]=0x7ffbfeff, sa_flags=0x10000004
SIGBUS: [libjvm.so+0x7e43a0], sa_mask[0]=0x7ffbfeff, sa_flags=0x10000004
SIGFPE: [libjvm.so+0x661c50], sa_mask[0]=0x7ffbfeff, sa_flags=0x10000004
SIGPIPE: [libjvm.so+0x661c50], sa_mask[0]=0x7ffbfeff, sa_flags=0x10000004
SIGXFSZ: [libjvm.so+0x661c50], sa_mask[0]=0x7ffbfeff, sa_flags=0x10000004
SIGILL: [libjvm.so+0x661c50], sa_mask[0]=0x7ffbfeff, sa_flags=0x10000004
SIGUSR1: SIG_DFL, sa_mask[0]=0x00000000, sa_flags=0x00000000
SIGUSR2: [libjvm.so+0x661d90], sa_mask[0]=0x00000004, sa_flags=0x10000004
SIGHUP: SIG_DFL, sa_mask[0]=0x00000000, sa_flags=0x00000000
SIGINT: SIG_DFL, sa_mask[0]=0x00000000, sa_flags=0x00000000
SIGTERM: SIG_DFL, sa_mask[0]=0x00000000, sa_flags=0x00000000
SIGQUIT: SIG_DFL, sa_mask[0]=0x00000000, sa_flags=0x00000000


---------------  S Y S T E M  ---------------

OS:Ubuntu 12.10 (quantal)
uname:Linux 3.5.0-48-generic #72-Ubuntu SMP Mon Mar 10 23:20:26 UTC 2014 i686
libc:glibc 2.15 NPTL 2.15 
rlimit: STACK 8192k, CORE 0k, NPROC 32109, NOFILE 4096, AS infinity
load average:1.75 1.34 1.27

/proc/meminfo:
MemTotal:        4131380 kB
MemFree:          140132 kB
Buffers:          670944 kB
Cached:           872692 kB
SwapCached:         5672 kB
Active:          2538420 kB
Inactive:        1283176 kB
Active(anon):    1825316 kB
Inactive(anon):   486564 kB
Active(file):     713104 kB
Inactive(file):   796612 kB
Unevictable:       34024 kB
Mlocked:           31412 kB
HighTotal:       3280584 kB
HighFree:          75804 kB
LowTotal:         850796 kB
LowFree:           64328 kB
SwapTotal:        261116 kB
SwapFree:         159032 kB
Dirty:              1236 kB
Writeback:             0 kB
AnonPages:       2307064 kB
Mapped:           161792 kB
Shmem:             25396 kB
Slab:              56760 kB
SReclaimable:      35096 kB
SUnreclaim:        21664 kB
KernelStack:        4616 kB
PageTables:        17088 kB
NFS_Unstable:          0 kB
Bounce:                0 kB
WritebackTmp:          0 kB
CommitLimit:     2326804 kB
Committed_AS:    6324200 kB
VmallocTotal:     122880 kB
VmallocUsed:       47580 kB
VmallocChunk:      48628 kB
HardwareCorrupted:     0 kB
AnonHugePages:         0 kB
HugePages_Total:       0
HugePages_Free:        0
HugePages_Rsvd:        0
HugePages_Surp:        0
Hugepagesize:       2048 kB
DirectMap4k:      706552 kB
DirectMap2M:      206848 kB


CPU:total 2 (2 cores per cpu, 1 threads per core) family 6 model 23 stepping 10, cmov, cx8, fxsr, mmx, sse, sse2, sse3, ssse3, tsc

/proc/cpuinfo:
processor	: 0
vendor_id	: GenuineIntel
cpu family	: 6
model		: 23
model name	: Pentium(R) Dual-Core  CPU      E5300  @ 2.60GHz
stepping	: 10
microcode	: 0xa07
cpu MHz		: 2003.000
cache size	: 2048 KB
physical id	: 0
siblings	: 2
core id		: 0
cpu cores	: 2
apicid		: 0
initial apicid	: 0
fdiv_bug	: no
hlt_bug		: no
f00f_bug	: no
coma_bug	: no
fpu		: yes
fpu_exception	: yes
cpuid level	: 13
wp		: yes
flags		: fpu vme de pse tsc msr pae mce cx8 apic sep mtrr pge mca cmov pat pse36 clflush dts acpi mmx fxsr sse sse2 ss ht tm pbe nx lm constant_tsc arch_perfmon pebs bts aperfmperf pni dtes64 monitor ds_cpl vmx est tm2 ssse3 cx16 xtpr pdcm xsave lahf_lm dtherm tpr_shadow vnmi flexpriority
bogomips	: 5208.97
clflush size	: 64
cache_alignment	: 64
address sizes	: 36 bits physical, 48 bits virtual
power management:

processor	: 1
vendor_id	: GenuineIntel
cpu family	: 6
model		: 23
model name	: Pentium(R) Dual-Core  CPU      E5300  @ 2.60GHz
stepping	: 10
microcode	: 0xa07
cpu MHz		: 2603.000
cache size	: 2048 KB
physical id	: 0
siblings	: 2
core id		: 1
cpu cores	: 2
apicid		: 1
initial apicid	: 1
fdiv_bug	: no
hlt_bug		: no
f00f_bug	: no
coma_bug	: no
fpu		: yes
fpu_exception	: yes
cpuid level	: 13
wp		: yes
flags		: fpu vme de pse tsc msr pae mce cx8 apic sep mtrr pge mca cmov pat pse36 clflush dts acpi mmx fxsr sse sse2 ss ht tm pbe nx lm constant_tsc arch_perfmon pebs bts aperfmperf pni dtes64 monitor ds_cpl vmx est tm2 ssse3 cx16 xtpr pdcm xsave lahf_lm dtherm tpr_shadow vnmi flexpriority
bogomips	: 5208.97
clflush size	: 64
cache_alignment	: 64
address sizes	: 36 bits physical, 48 bits virtual
power management:



Memory: 4k page, physical 4131380k(140132k free), swap 261116k(159032k free)

vm_info: OpenJDK Server VM (24.45-b08) for linux-x86 JRE (1.7.0_51-b00), built on Jan 16 2014 18:39:38 by "buildd" with gcc 4.7.2

time: Sat Mar 15 22:57:03 2014
elapsed time: 0 seconds

